{"C:\\Users\\kelly\\Documents\\Development\\Portfolio\\education-suite\\eduplanner\\src\\api\\controller.ts": {"path":"C:\\Users\\kelly\\Documents\\Development\\Portfolio\\education-suite\\eduplanner\\src\\api\\controller.ts","statementMap":{"0":{"start":{"line":4,"column":13},"end":{"line":4,"column":21}},"1":{"start":{"line":13,"column":13},"end":{"line":13,"column":21}},"2":{"start":{"line":22,"column":13},"end":{"line":22,"column":23}},"3":{"start":{"line":31,"column":13},"end":{"line":31,"column":22}},"4":{"start":{"line":40,"column":13},"end":{"line":40,"column":25}},"5":{"start":{"line":45,"column":13},"end":{"line":45,"column":24}},"6":{"start":{"line":54,"column":13},"end":{"line":54,"column":26}},"7":{"start":{"line":63,"column":13},"end":{"line":63,"column":27}},"8":{"start":{"line":72,"column":13},"end":{"line":72,"column":25}},"9":{"start":{"line":81,"column":13},"end":{"line":81,"column":27}},"10":{"start":{"line":90,"column":13},"end":{"line":90,"column":23}},"11":{"start":{"line":99,"column":13},"end":{"line":99,"column":21}},"12":{"start":{"line":108,"column":13},"end":{"line":108,"column":26}},"13":{"start":{"line":117,"column":13},"end":{"line":117,"column":27}},"14":{"start":{"line":126,"column":13},"end":{"line":126,"column":30}},"15":{"start":{"line":135,"column":13},"end":{"line":135,"column":23}},"16":{"start":{"line":1,"column":32},"end":{"line":1,"column":null}},"17":{"start":{"line":4,"column":24},"end":{"line":11,"column":null}},"18":{"start":{"line":5,"column":14},"end":{"line":5,"column":43}},"19":{"start":{"line":7,"column":2},"end":{"line":10,"column":null}},"20":{"start":{"line":9,"column":6},"end":{"line":9,"column":null}},"21":{"start":{"line":13,"column":24},"end":{"line":20,"column":null}},"22":{"start":{"line":14,"column":14},"end":{"line":14,"column":44}},"23":{"start":{"line":16,"column":2},"end":{"line":19,"column":null}},"24":{"start":{"line":18,"column":6},"end":{"line":18,"column":null}},"25":{"start":{"line":22,"column":26},"end":{"line":29,"column":null}},"26":{"start":{"line":23,"column":14},"end":{"line":23,"column":46}},"27":{"start":{"line":25,"column":2},"end":{"line":28,"column":null}},"28":{"start":{"line":27,"column":6},"end":{"line":27,"column":null}},"29":{"start":{"line":31,"column":25},"end":{"line":38,"column":null}},"30":{"start":{"line":32,"column":14},"end":{"line":32,"column":45}},"31":{"start":{"line":34,"column":2},"end":{"line":37,"column":null}},"32":{"start":{"line":36,"column":6},"end":{"line":36,"column":null}},"33":{"start":{"line":40,"column":28},"end":{"line":43,"column":null}},"34":{"start":{"line":41,"column":14},"end":{"line":41,"column":48}},"35":{"start":{"line":42,"column":2},"end":{"line":42,"column":null}},"36":{"start":{"line":45,"column":27},"end":{"line":52,"column":null}},"37":{"start":{"line":46,"column":14},"end":{"line":46,"column":53}},"38":{"start":{"line":48,"column":2},"end":{"line":51,"column":null}},"39":{"start":{"line":50,"column":6},"end":{"line":50,"column":null}},"40":{"start":{"line":54,"column":29},"end":{"line":61,"column":null}},"41":{"start":{"line":55,"column":14},"end":{"line":55,"column":56}},"42":{"start":{"line":57,"column":2},"end":{"line":60,"column":null}},"43":{"start":{"line":59,"column":6},"end":{"line":59,"column":null}},"44":{"start":{"line":63,"column":30},"end":{"line":70,"column":null}},"45":{"start":{"line":64,"column":14},"end":{"line":64,"column":50}},"46":{"start":{"line":66,"column":2},"end":{"line":69,"column":null}},"47":{"start":{"line":68,"column":6},"end":{"line":68,"column":null}},"48":{"start":{"line":72,"column":28},"end":{"line":79,"column":null}},"49":{"start":{"line":73,"column":14},"end":{"line":73,"column":48}},"50":{"start":{"line":75,"column":2},"end":{"line":78,"column":null}},"51":{"start":{"line":77,"column":6},"end":{"line":77,"column":null}},"52":{"start":{"line":81,"column":30},"end":{"line":88,"column":null}},"53":{"start":{"line":82,"column":14},"end":{"line":82,"column":50}},"54":{"start":{"line":84,"column":2},"end":{"line":87,"column":null}},"55":{"start":{"line":86,"column":6},"end":{"line":86,"column":null}},"56":{"start":{"line":90,"column":26},"end":{"line":97,"column":null}},"57":{"start":{"line":91,"column":14},"end":{"line":91,"column":46}},"58":{"start":{"line":93,"column":2},"end":{"line":96,"column":null}},"59":{"start":{"line":95,"column":6},"end":{"line":95,"column":null}},"60":{"start":{"line":99,"column":24},"end":{"line":106,"column":null}},"61":{"start":{"line":100,"column":14},"end":{"line":100,"column":44}},"62":{"start":{"line":102,"column":2},"end":{"line":105,"column":null}},"63":{"start":{"line":104,"column":6},"end":{"line":104,"column":null}},"64":{"start":{"line":108,"column":29},"end":{"line":115,"column":null}},"65":{"start":{"line":109,"column":14},"end":{"line":109,"column":50}},"66":{"start":{"line":111,"column":2},"end":{"line":114,"column":null}},"67":{"start":{"line":113,"column":6},"end":{"line":113,"column":null}},"68":{"start":{"line":117,"column":30},"end":{"line":124,"column":null}},"69":{"start":{"line":118,"column":14},"end":{"line":118,"column":51}},"70":{"start":{"line":120,"column":2},"end":{"line":123,"column":null}},"71":{"start":{"line":122,"column":6},"end":{"line":122,"column":null}},"72":{"start":{"line":126,"column":33},"end":{"line":133,"column":null}},"73":{"start":{"line":127,"column":14},"end":{"line":127,"column":54}},"74":{"start":{"line":129,"column":2},"end":{"line":132,"column":null}},"75":{"start":{"line":131,"column":6},"end":{"line":131,"column":null}},"76":{"start":{"line":135,"column":26},"end":{"line":142,"column":null}},"77":{"start":{"line":136,"column":14},"end":{"line":136,"column":46}},"78":{"start":{"line":138,"column":2},"end":{"line":141,"column":null}},"79":{"start":{"line":140,"column":6},"end":{"line":140,"column":null}}},"fnMap":{"0":{"name":"(anonymous_17)","decl":{"start":{"line":4,"column":24},"end":{"line":4,"column":31}},"loc":{"start":{"line":4,"column":31},"end":{"line":11,"column":null}}},"1":{"name":"(anonymous_18)","decl":{"start":{"line":8,"column":10},"end":{"line":8,"column":17}},"loc":{"start":{"line":8,"column":17},"end":{"line":10,"column":null}}},"2":{"name":"(anonymous_19)","decl":{"start":{"line":13,"column":24},"end":{"line":13,"column":31}},"loc":{"start":{"line":13,"column":31},"end":{"line":20,"column":null}}},"3":{"name":"(anonymous_20)","decl":{"start":{"line":17,"column":10},"end":{"line":17,"column":17}},"loc":{"start":{"line":17,"column":17},"end":{"line":19,"column":null}}},"4":{"name":"(anonymous_21)","decl":{"start":{"line":22,"column":26},"end":{"line":22,"column":33}},"loc":{"start":{"line":22,"column":33},"end":{"line":29,"column":null}}},"5":{"name":"(anonymous_22)","decl":{"start":{"line":26,"column":10},"end":{"line":26,"column":17}},"loc":{"start":{"line":26,"column":17},"end":{"line":28,"column":null}}},"6":{"name":"(anonymous_23)","decl":{"start":{"line":31,"column":25},"end":{"line":31,"column":32}},"loc":{"start":{"line":31,"column":32},"end":{"line":38,"column":null}}},"7":{"name":"(anonymous_24)","decl":{"start":{"line":35,"column":10},"end":{"line":35,"column":17}},"loc":{"start":{"line":35,"column":17},"end":{"line":37,"column":null}}},"8":{"name":"(anonymous_25)","decl":{"start":{"line":40,"column":28},"end":{"line":40,"column":35}},"loc":{"start":{"line":40,"column":35},"end":{"line":43,"column":null}}},"9":{"name":"(anonymous_26)","decl":{"start":{"line":45,"column":27},"end":{"line":45,"column":34}},"loc":{"start":{"line":45,"column":34},"end":{"line":52,"column":null}}},"10":{"name":"(anonymous_27)","decl":{"start":{"line":49,"column":10},"end":{"line":49,"column":17}},"loc":{"start":{"line":49,"column":17},"end":{"line":51,"column":null}}},"11":{"name":"(anonymous_28)","decl":{"start":{"line":54,"column":29},"end":{"line":54,"column":36}},"loc":{"start":{"line":54,"column":36},"end":{"line":61,"column":null}}},"12":{"name":"(anonymous_29)","decl":{"start":{"line":58,"column":10},"end":{"line":58,"column":17}},"loc":{"start":{"line":58,"column":17},"end":{"line":60,"column":null}}},"13":{"name":"(anonymous_30)","decl":{"start":{"line":63,"column":30},"end":{"line":63,"column":37}},"loc":{"start":{"line":63,"column":37},"end":{"line":70,"column":null}}},"14":{"name":"(anonymous_31)","decl":{"start":{"line":67,"column":10},"end":{"line":67,"column":17}},"loc":{"start":{"line":67,"column":17},"end":{"line":69,"column":null}}},"15":{"name":"(anonymous_32)","decl":{"start":{"line":72,"column":28},"end":{"line":72,"column":35}},"loc":{"start":{"line":72,"column":35},"end":{"line":79,"column":null}}},"16":{"name":"(anonymous_33)","decl":{"start":{"line":76,"column":10},"end":{"line":76,"column":17}},"loc":{"start":{"line":76,"column":17},"end":{"line":78,"column":null}}},"17":{"name":"(anonymous_34)","decl":{"start":{"line":81,"column":30},"end":{"line":81,"column":37}},"loc":{"start":{"line":81,"column":37},"end":{"line":88,"column":null}}},"18":{"name":"(anonymous_35)","decl":{"start":{"line":85,"column":10},"end":{"line":85,"column":17}},"loc":{"start":{"line":85,"column":17},"end":{"line":87,"column":null}}},"19":{"name":"(anonymous_36)","decl":{"start":{"line":90,"column":26},"end":{"line":90,"column":33}},"loc":{"start":{"line":90,"column":33},"end":{"line":97,"column":null}}},"20":{"name":"(anonymous_37)","decl":{"start":{"line":94,"column":10},"end":{"line":94,"column":17}},"loc":{"start":{"line":94,"column":17},"end":{"line":96,"column":null}}},"21":{"name":"(anonymous_38)","decl":{"start":{"line":99,"column":24},"end":{"line":99,"column":31}},"loc":{"start":{"line":99,"column":31},"end":{"line":106,"column":null}}},"22":{"name":"(anonymous_39)","decl":{"start":{"line":103,"column":10},"end":{"line":103,"column":17}},"loc":{"start":{"line":103,"column":17},"end":{"line":105,"column":null}}},"23":{"name":"(anonymous_40)","decl":{"start":{"line":108,"column":29},"end":{"line":108,"column":36}},"loc":{"start":{"line":108,"column":36},"end":{"line":115,"column":null}}},"24":{"name":"(anonymous_41)","decl":{"start":{"line":112,"column":10},"end":{"line":112,"column":17}},"loc":{"start":{"line":112,"column":17},"end":{"line":114,"column":null}}},"25":{"name":"(anonymous_42)","decl":{"start":{"line":117,"column":30},"end":{"line":117,"column":37}},"loc":{"start":{"line":117,"column":37},"end":{"line":124,"column":null}}},"26":{"name":"(anonymous_43)","decl":{"start":{"line":121,"column":10},"end":{"line":121,"column":17}},"loc":{"start":{"line":121,"column":17},"end":{"line":123,"column":null}}},"27":{"name":"(anonymous_44)","decl":{"start":{"line":126,"column":33},"end":{"line":126,"column":40}},"loc":{"start":{"line":126,"column":40},"end":{"line":133,"column":null}}},"28":{"name":"(anonymous_45)","decl":{"start":{"line":130,"column":10},"end":{"line":130,"column":17}},"loc":{"start":{"line":130,"column":17},"end":{"line":132,"column":null}}},"29":{"name":"(anonymous_46)","decl":{"start":{"line":135,"column":26},"end":{"line":135,"column":33}},"loc":{"start":{"line":135,"column":33},"end":{"line":142,"column":null}}},"30":{"name":"(anonymous_47)","decl":{"start":{"line":139,"column":10},"end":{"line":139,"column":17}},"loc":{"start":{"line":139,"column":17},"end":{"line":141,"column":null}}}},"branchMap":{},"s":{"0":1,"1":1,"2":1,"3":1,"4":2,"5":1,"6":1,"7":1,"8":1,"9":1,"10":1,"11":1,"12":1,"13":1,"14":1,"15":1,"16":2,"17":2,"18":0,"19":0,"20":0,"21":2,"22":0,"23":0,"24":0,"25":2,"26":0,"27":0,"28":0,"29":2,"30":0,"31":0,"32":0,"33":2,"34":1,"35":1,"36":2,"37":0,"38":0,"39":0,"40":2,"41":0,"42":0,"43":0,"44":2,"45":0,"46":0,"47":0,"48":2,"49":0,"50":0,"51":0,"52":2,"53":0,"54":0,"55":0,"56":2,"57":0,"58":0,"59":0,"60":2,"61":0,"62":0,"63":0,"64":2,"65":0,"66":0,"67":0,"68":2,"69":0,"70":0,"71":0,"72":2,"73":0,"74":0,"75":0,"76":2,"77":0,"78":0,"79":0},"f":{"0":0,"1":0,"2":0,"3":0,"4":0,"5":0,"6":0,"7":0,"8":1,"9":0,"10":0,"11":0,"12":0,"13":0,"14":0,"15":0,"16":0,"17":0,"18":0,"19":0,"20":0,"21":0,"22":0,"23":0,"24":0,"25":0,"26":0,"27":0,"28":0,"29":0,"30":0},"b":{}}
,"C:\\Users\\kelly\\Documents\\Development\\Portfolio\\education-suite\\eduplanner\\src\\api\\service.ts": {"path":"C:\\Users\\kelly\\Documents\\Development\\Portfolio\\education-suite\\eduplanner\\src\\api\\service.ts","statementMap":{"0":{"start":{"line":3,"column":13},"end":{"line":3,"column":19}},"1":{"start":{"line":13,"column":13},"end":{"line":13,"column":20}},"2":{"start":{"line":1,"column":18},"end":{"line":1,"column":null}},"3":{"start":{"line":3,"column":22},"end":{"line":10,"column":null}},"4":{"start":{"line":4,"column":2},"end":{"line":9,"column":null}},"5":{"start":{"line":8,"column":3},"end":{"line":8,"column":null}},"6":{"start":{"line":13,"column":23},"end":{"line":15,"column":null}},"7":{"start":{"line":14,"column":2},"end":{"line":14,"column":null}}},"fnMap":{"0":{"name":"(anonymous_4)","decl":{"start":{"line":3,"column":22},"end":{"line":3,"column":29}},"loc":{"start":{"line":3,"column":34},"end":{"line":10,"column":null}}},"1":{"name":"(anonymous_5)","decl":{"start":{"line":7,"column":9},"end":{"line":7,"column":16}},"loc":{"start":{"line":7,"column":16},"end":{"line":9,"column":null}}},"2":{"name":"(anonymous_6)","decl":{"start":{"line":13,"column":23},"end":{"line":13,"column":30}},"loc":{"start":{"line":13,"column":43},"end":{"line":15,"column":null}}}},"branchMap":{},"s":{"0":2,"1":2,"2":3,"3":3,"4":1,"5":1,"6":3,"7":1},"f":{"0":1,"1":1,"2":1},"b":{}}
,"C:\\Users\\kelly\\Documents\\Development\\Portfolio\\education-suite\\eduplanner\\src\\app\\layout.tsx": {"path":"C:\\Users\\kelly\\Documents\\Development\\Portfolio\\education-suite\\eduplanner\\src\\app\\layout.tsx","statementMap":{"0":{"start":{"line":16,"column":24},"end":{"line":16,"column":35}},"1":{"start":{"line":3,"column":7},"end":{"line":3,"column":null}},"2":{"start":{"line":4,"column":22},"end":{"line":4,"column":null}},"3":{"start":{"line":5,"column":38},"end":{"line":5,"column":null}},"4":{"start":{"line":6,"column":18},"end":{"line":6,"column":null}},"5":{"start":{"line":7,"column":21},"end":{"line":7,"column":null}},"6":{"start":{"line":8,"column":21},"end":{"line":8,"column":null}},"7":{"start":{"line":9,"column":46},"end":{"line":9,"column":null}},"8":{"start":{"line":10,"column":37},"end":{"line":10,"column":null}},"9":{"start":{"line":11,"column":45},"end":{"line":11,"column":null}},"10":{"start":{"line":12,"column":29},"end":{"line":12,"column":null}},"11":{"start":{"line":14,"column":14},"end":{"line":14,"column":null}},"12":{"start":{"line":36,"column":17},"end":{"line":61,"column":null}},"13":{"start":{"line":38,"column":19},"end":{"line":38,"column":null}},"14":{"start":{"line":39,"column":19},"end":{"line":39,"column":null}},"15":{"start":{"line":40,"column":23},"end":{"line":40,"column":null}},"16":{"start":{"line":42,"column":36},"end":{"line":42,"column":null}},"17":{"start":{"line":44,"column":2},"end":{"line":51,"column":null}},"18":{"start":{"line":45,"column":4},"end":{"line":45,"column":null}},"19":{"start":{"line":46,"column":4},"end":{"line":46,"column":null}},"20":{"start":{"line":47,"column":4},"end":{"line":47,"column":null}},"21":{"start":{"line":48,"column":39},"end":{"line":48,"column":null}},"22":{"start":{"line":49,"column":28},"end":{"line":49,"column":55}},"23":{"start":{"line":50,"column":4},"end":{"line":50,"column":null}},"24":{"start":{"line":53,"column":19},"end":{"line":53,"column":49}},"25":{"start":{"line":54,"column":26},"end":{"line":54,"column":51}}},"fnMap":{"0":{"name":"RootLayout","decl":{"start":{"line":16,"column":24},"end":{"line":16,"column":35}},"loc":{"start":{"line":20,"column":1},"end":{"line":34,"column":null}}},"1":{"name":"(anonymous_3)","decl":{"start":{"line":36,"column":17},"end":{"line":36,"column":null}},"loc":{"start":{"line":36,"column":17},"end":{"line":61,"column":null}}},"2":{"name":"(anonymous_4)","decl":{"start":{"line":44,"column":12},"end":{"line":44,"column":null}},"loc":{"start":{"line":44,"column":12},"end":{"line":51,"column":5}}}},"branchMap":{},"s":{"0":0,"1":0,"2":0,"3":0,"4":0,"5":0,"6":0,"7":0,"8":0,"9":0,"10":0,"11":0,"12":0,"13":0,"14":0,"15":0,"16":0,"17":0,"18":0,"19":0,"20":0,"21":0,"22":0,"23":0,"24":0,"25":0},"f":{"0":0,"1":0,"2":0},"b":{}}
,"C:\\Users\\kelly\\Documents\\Development\\Portfolio\\education-suite\\eduplanner\\src\\app\\nested-layout.tsx": {"path":"C:\\Users\\kelly\\Documents\\Development\\Portfolio\\education-suite\\eduplanner\\src\\app\\nested-layout.tsx","statementMap":{"0":{"start":{"line":10,"column":24},"end":{"line":10,"column":37}},"1":{"start":{"line":1,"column":28},"end":{"line":1,"column":null}},"2":{"start":{"line":2,"column":36},"end":{"line":2,"column":null}},"3":{"start":{"line":3,"column":18},"end":{"line":3,"column":null}},"4":{"start":{"line":7,"column":2},"end":{"line":7,"column":null}},"5":{"start":{"line":11,"column":19},"end":{"line":11,"column":null}},"6":{"start":{"line":14,"column":30},"end":{"line":14,"column":null}},"7":{"start":{"line":16,"column":2},"end":{"line":19,"column":null}},"8":{"start":{"line":17,"column":28},"end":{"line":17,"column":null}},"9":{"start":{"line":18,"column":4},"end":{"line":18,"column":null}}},"fnMap":{"0":{"name":"classNames","decl":{"start":{"line":6,"column":9},"end":{"line":6,"column":20}},"loc":{"start":{"line":6,"column":30},"end":{"line":8,"column":null}}},"1":{"name":"NestedLayout","decl":{"start":{"line":10,"column":24},"end":{"line":10,"column":37}},"loc":{"start":{"line":10,"column":60},"end":{"line":103,"column":null}}},"2":{"name":"(anonymous_4)","decl":{"start":{"line":16,"column":12},"end":{"line":16,"column":null}},"loc":{"start":{"line":16,"column":12},"end":{"line":19,"column":5}}}},"branchMap":{"0":{"loc":{"start":{"line":34,"column":180},"end":{"line":34,"column":null}},"type":"cond-expr","locations":[{"start":{"line":34,"column":215},"end":{"line":34,"column":261}},{"start":{"line":34,"column":261},"end":{"line":34,"column":null}}]},"1":{"loc":{"start":{"line":42,"column":13},"end":{"line":49,"column":null}},"type":"cond-expr","locations":[{"start":{"line":42,"column":25},"end":{"line":49,"column":null}},{"start":{"line":49,"column":20},"end":{"line":49,"column":null}}]},"2":{"loc":{"start":{"line":43,"column":189},"end":{"line":43,"column":null}},"type":"cond-expr","locations":[{"start":{"line":43,"column":233},"end":{"line":43,"column":279}},{"start":{"line":43,"column":279},"end":{"line":43,"column":null}}]}},"s":{"0":0,"1":0,"2":0,"3":0,"4":0,"5":0,"6":0,"7":0,"8":0,"9":0},"f":{"0":0,"1":0,"2":0},"b":{"0":[0,0],"1":[0,0],"2":[0,0]}}
,"C:\\Users\\kelly\\Documents\\Development\\Portfolio\\education-suite\\eduplanner\\src\\app\\page.tsx": {"path":"C:\\Users\\kelly\\Documents\\Development\\Portfolio\\education-suite\\eduplanner\\src\\app\\page.tsx","statementMap":{"0":{"start":{"line":3,"column":24},"end":{"line":3,"column":null}}},"fnMap":{"0":{"name":"Home","decl":{"start":{"line":3,"column":24},"end":{"line":3,"column":null}},"loc":{"start":{"line":3,"column":24},"end":{"line":7,"column":null}}}},"branchMap":{},"s":{"0":0},"f":{"0":0},"b":{}}
,"C:\\Users\\kelly\\Documents\\Development\\Portfolio\\education-suite\\eduplanner\\src\\app\\[username]\\page.tsx": {"path":"C:\\Users\\kelly\\Documents\\Development\\Portfolio\\education-suite\\eduplanner\\src\\app\\[username]\\page.tsx","statementMap":{"0":{"start":{"line":9,"column":24},"end":{"line":9,"column":29}},"1":{"start":{"line":3,"column":25},"end":{"line":3,"column":null}},"2":{"start":{"line":4,"column":18},"end":{"line":4,"column":null}},"3":{"start":{"line":5,"column":36},"end":{"line":5,"column":null}},"4":{"start":{"line":6,"column":26},"end":{"line":6,"column":null}},"5":{"start":{"line":12,"column":30},"end":{"line":12,"column":null}},"6":{"start":{"line":14,"column":2},"end":{"line":17,"column":null}},"7":{"start":{"line":15,"column":28},"end":{"line":15,"column":null}},"8":{"start":{"line":16,"column":4},"end":{"line":16,"column":null}},"9":{"start":{"line":19,"column":20},"end":{"line":19,"column":null}},"10":{"start":{"line":20,"column":22},"end":{"line":20,"column":null}},"11":{"start":{"line":21,"column":17},"end":{"line":21,"column":50}}},"fnMap":{"0":{"name":"Main","decl":{"start":{"line":9,"column":24},"end":{"line":9,"column":29}},"loc":{"start":{"line":9,"column":73},"end":{"line":28,"column":null}}},"1":{"name":"(anonymous_3)","decl":{"start":{"line":14,"column":12},"end":{"line":14,"column":null}},"loc":{"start":{"line":14,"column":12},"end":{"line":17,"column":5}}}},"branchMap":{},"s":{"0":0,"1":0,"2":0,"3":0,"4":0,"5":0,"6":0,"7":0,"8":0,"9":0,"10":0,"11":0},"f":{"0":0,"1":0},"b":{}}
,"C:\\Users\\kelly\\Documents\\Development\\Portfolio\\education-suite\\eduplanner\\src\\app\\[username]\\activities\\[activity]\\page.tsx": {"path":"C:\\Users\\kelly\\Documents\\Development\\Portfolio\\education-suite\\eduplanner\\src\\app\\[username]\\activities\\[activity]\\page.tsx","statementMap":{"0":{"start":{"line":9,"column":24},"end":{"line":9,"column":29}},"1":{"start":{"line":3,"column":25},"end":{"line":3,"column":null}},"2":{"start":{"line":4,"column":18},"end":{"line":4,"column":null}},"3":{"start":{"line":5,"column":36},"end":{"line":5,"column":null}},"4":{"start":{"line":6,"column":29},"end":{"line":6,"column":null}},"5":{"start":{"line":7,"column":28},"end":{"line":7,"column":null}},"6":{"start":{"line":10,"column":19},"end":{"line":10,"column":null}},"7":{"start":{"line":11,"column":23},"end":{"line":11,"column":45}},"8":{"start":{"line":12,"column":17},"end":{"line":12,"column":null}},"9":{"start":{"line":15,"column":30},"end":{"line":15,"column":null}},"10":{"start":{"line":16,"column":36},"end":{"line":16,"column":null}},"11":{"start":{"line":18,"column":2},"end":{"line":21,"column":null}},"12":{"start":{"line":19,"column":28},"end":{"line":19,"column":null}},"13":{"start":{"line":20,"column":4},"end":{"line":20,"column":null}},"14":{"start":{"line":23,"column":20},"end":{"line":23,"column":null}},"15":{"start":{"line":25,"column":26},"end":{"line":25,"column":null}},"16":{"start":{"line":25,"column":67},"end":{"line":25,"column":99}}},"fnMap":{"0":{"name":"Main","decl":{"start":{"line":9,"column":24},"end":{"line":9,"column":29}},"loc":{"start":{"line":9,"column":90},"end":{"line":32,"column":null}}},"1":{"name":"(anonymous_3)","decl":{"start":{"line":18,"column":12},"end":{"line":18,"column":null}},"loc":{"start":{"line":18,"column":12},"end":{"line":21,"column":5}}},"2":{"name":"(anonymous_4)","decl":{"start":{"line":25,"column":53},"end":{"line":25,"column":54}},"loc":{"start":{"line":25,"column":67},"end":{"line":25,"column":99}}}},"branchMap":{},"s":{"0":0,"1":0,"2":0,"3":0,"4":0,"5":0,"6":0,"7":0,"8":0,"9":0,"10":0,"11":0,"12":0,"13":0,"14":0,"15":0,"16":0},"f":{"0":0,"1":0,"2":0},"b":{}}
,"C:\\Users\\kelly\\Documents\\Development\\Portfolio\\education-suite\\eduplanner\\src\\app\\[username]\\profile\\page.tsx": {"path":"C:\\Users\\kelly\\Documents\\Development\\Portfolio\\education-suite\\eduplanner\\src\\app\\[username]\\profile\\page.tsx","statementMap":{"0":{"start":{"line":9,"column":24},"end":{"line":9,"column":null}},"1":{"start":{"line":3,"column":25},"end":{"line":3,"column":null}},"2":{"start":{"line":4,"column":18},"end":{"line":4,"column":null}},"3":{"start":{"line":5,"column":18},"end":{"line":5,"column":null}},"4":{"start":{"line":6,"column":36},"end":{"line":6,"column":null}},"5":{"start":{"line":7,"column":28},"end":{"line":7,"column":null}},"6":{"start":{"line":12,"column":36},"end":{"line":12,"column":null}},"7":{"start":{"line":13,"column":30},"end":{"line":13,"column":null}},"8":{"start":{"line":15,"column":2},"end":{"line":18,"column":null}},"9":{"start":{"line":16,"column":28},"end":{"line":16,"column":null}},"10":{"start":{"line":17,"column":4},"end":{"line":17,"column":null}},"11":{"start":{"line":20,"column":20},"end":{"line":20,"column":null}},"12":{"start":{"line":21,"column":17},"end":{"line":21,"column":null}},"13":{"start":{"line":22,"column":20},"end":{"line":22,"column":null}},"14":{"start":{"line":28,"column":23},"end":{"line":28,"column":null}},"15":{"start":{"line":32,"column":72},"end":{"line":32,"column":null}}},"fnMap":{"0":{"name":"Profile","decl":{"start":{"line":9,"column":24},"end":{"line":9,"column":null}},"loc":{"start":{"line":9,"column":24},"end":{"line":35,"column":null}}},"1":{"name":"(anonymous_3)","decl":{"start":{"line":15,"column":12},"end":{"line":15,"column":null}},"loc":{"start":{"line":15,"column":12},"end":{"line":18,"column":5}}},"2":{"name":"(anonymous_4)","decl":{"start":{"line":28,"column":17},"end":{"line":28,"column":23}},"loc":{"start":{"line":28,"column":23},"end":{"line":28,"column":null}}},"3":{"name":"(anonymous_5)","decl":{"start":{"line":32,"column":66},"end":{"line":32,"column":72}},"loc":{"start":{"line":32,"column":72},"end":{"line":32,"column":null}}}},"branchMap":{},"s":{"0":0,"1":0,"2":0,"3":0,"4":0,"5":0,"6":0,"7":0,"8":0,"9":0,"10":0,"11":0,"12":0,"13":0,"14":0,"15":0},"f":{"0":0,"1":0,"2":0,"3":0},"b":{}}
,"C:\\Users\\kelly\\Documents\\Development\\Portfolio\\education-suite\\eduplanner\\src\\app\\[username]\\students\\page.tsx": {"path":"C:\\Users\\kelly\\Documents\\Development\\Portfolio\\education-suite\\eduplanner\\src\\app\\[username]\\students\\page.tsx","statementMap":{"0":{"start":{"line":9,"column":24},"end":{"line":9,"column":null}},"1":{"start":{"line":3,"column":25},"end":{"line":3,"column":null}},"2":{"start":{"line":4,"column":18},"end":{"line":4,"column":null}},"3":{"start":{"line":5,"column":36},"end":{"line":5,"column":null}},"4":{"start":{"line":6,"column":23},"end":{"line":6,"column":null}},"5":{"start":{"line":7,"column":19},"end":{"line":7,"column":null}},"6":{"start":{"line":11,"column":30},"end":{"line":11,"column":null}},"7":{"start":{"line":12,"column":2},"end":{"line":15,"column":null}},"8":{"start":{"line":13,"column":28},"end":{"line":13,"column":null}},"9":{"start":{"line":14,"column":4},"end":{"line":14,"column":null}},"10":{"start":{"line":17,"column":20},"end":{"line":17,"column":null}},"11":{"start":{"line":18,"column":17},"end":{"line":18,"column":null}},"12":{"start":{"line":19,"column":22},"end":{"line":19,"column":null}}},"fnMap":{"0":{"name":"Students","decl":{"start":{"line":9,"column":24},"end":{"line":9,"column":null}},"loc":{"start":{"line":9,"column":24},"end":{"line":33,"column":null}}},"1":{"name":"(anonymous_3)","decl":{"start":{"line":12,"column":12},"end":{"line":12,"column":null}},"loc":{"start":{"line":12,"column":12},"end":{"line":15,"column":5}}}},"branchMap":{},"s":{"0":0,"1":0,"2":0,"3":0,"4":0,"5":0,"6":0,"7":0,"8":0,"9":0,"10":0,"11":0,"12":0},"f":{"0":0,"1":0},"b":{}}
,"C:\\Users\\kelly\\Documents\\Development\\Portfolio\\education-suite\\eduplanner\\src\\app\\[username]\\students\\[student]\\page.tsx": {"path":"C:\\Users\\kelly\\Documents\\Development\\Portfolio\\education-suite\\eduplanner\\src\\app\\[username]\\students\\[student]\\page.tsx","statementMap":{"0":{"start":{"line":8,"column":24},"end":{"line":8,"column":29}},"1":{"start":{"line":3,"column":25},"end":{"line":3,"column":null}},"2":{"start":{"line":4,"column":18},"end":{"line":4,"column":null}},"3":{"start":{"line":5,"column":36},"end":{"line":5,"column":null}},"4":{"start":{"line":6,"column":26},"end":{"line":6,"column":null}},"5":{"start":{"line":11,"column":30},"end":{"line":11,"column":null}},"6":{"start":{"line":13,"column":2},"end":{"line":16,"column":null}},"7":{"start":{"line":14,"column":28},"end":{"line":14,"column":null}},"8":{"start":{"line":15,"column":4},"end":{"line":15,"column":null}},"9":{"start":{"line":18,"column":20},"end":{"line":18,"column":null}},"10":{"start":{"line":19,"column":18},"end":{"line":19,"column":32}},"11":{"start":{"line":21,"column":22},"end":{"line":21,"column":35}},"12":{"start":{"line":22,"column":22},"end":{"line":22,"column":44}},"13":{"start":{"line":23,"column":17},"end":{"line":23,"column":null}}},"fnMap":{"0":{"name":"Main","decl":{"start":{"line":8,"column":24},"end":{"line":8,"column":29}},"loc":{"start":{"line":8,"column":90},"end":{"line":30,"column":null}}},"1":{"name":"(anonymous_3)","decl":{"start":{"line":13,"column":12},"end":{"line":13,"column":null}},"loc":{"start":{"line":13,"column":12},"end":{"line":16,"column":5}}}},"branchMap":{},"s":{"0":0,"1":0,"2":0,"3":0,"4":0,"5":0,"6":0,"7":0,"8":0,"9":0,"10":0,"11":0,"12":0,"13":0},"f":{"0":0,"1":0},"b":{}}
,"C:\\Users\\kelly\\Documents\\Development\\Portfolio\\education-suite\\eduplanner\\src\\app\\[username]\\students\\[student]\\activities\\[activity]\\page.tsx": {"path":"C:\\Users\\kelly\\Documents\\Development\\Portfolio\\education-suite\\eduplanner\\src\\app\\[username]\\students\\[student]\\activities\\[activity]\\page.tsx","statementMap":{"0":{"start":{"line":9,"column":24},"end":{"line":9,"column":29}},"1":{"start":{"line":3,"column":25},"end":{"line":3,"column":null}},"2":{"start":{"line":4,"column":18},"end":{"line":4,"column":null}},"3":{"start":{"line":5,"column":36},"end":{"line":5,"column":null}},"4":{"start":{"line":6,"column":29},"end":{"line":6,"column":null}},"5":{"start":{"line":7,"column":28},"end":{"line":7,"column":null}},"6":{"start":{"line":10,"column":19},"end":{"line":10,"column":null}},"7":{"start":{"line":11,"column":23},"end":{"line":11,"column":45}},"8":{"start":{"line":15,"column":30},"end":{"line":15,"column":null}},"9":{"start":{"line":17,"column":2},"end":{"line":20,"column":null}},"10":{"start":{"line":18,"column":28},"end":{"line":18,"column":null}},"11":{"start":{"line":19,"column":4},"end":{"line":19,"column":null}},"12":{"start":{"line":22,"column":22},"end":{"line":22,"column":35}},"13":{"start":{"line":23,"column":22},"end":{"line":23,"column":51}},"14":{"start":{"line":24,"column":17},"end":{"line":24,"column":null}},"15":{"start":{"line":26,"column":20},"end":{"line":26,"column":null}},"16":{"start":{"line":28,"column":26},"end":{"line":28,"column":null}},"17":{"start":{"line":28,"column":74},"end":{"line":28,"column":106}}},"fnMap":{"0":{"name":"Main","decl":{"start":{"line":9,"column":24},"end":{"line":9,"column":29}},"loc":{"start":{"line":9,"column":90},"end":{"line":35,"column":null}}},"1":{"name":"(anonymous_3)","decl":{"start":{"line":17,"column":12},"end":{"line":17,"column":null}},"loc":{"start":{"line":17,"column":12},"end":{"line":20,"column":5}}},"2":{"name":"(anonymous_4)","decl":{"start":{"line":28,"column":60},"end":{"line":28,"column":61}},"loc":{"start":{"line":28,"column":74},"end":{"line":28,"column":106}}}},"branchMap":{},"s":{"0":0,"1":0,"2":0,"3":0,"4":0,"5":0,"6":0,"7":0,"8":0,"9":0,"10":0,"11":0,"12":0,"13":0,"14":0,"15":0,"16":0,"17":0},"f":{"0":0,"1":0,"2":0},"b":{}}
,"C:\\Users\\kelly\\Documents\\Development\\Portfolio\\education-suite\\eduplanner\\src\\app\\login\\page.tsx": {"path":"C:\\Users\\kelly\\Documents\\Development\\Portfolio\\education-suite\\eduplanner\\src\\app\\login\\page.tsx","statementMap":{"0":{"start":{"line":13,"column":24},"end":{"line":13,"column":null}},"1":{"start":{"line":3,"column":22},"end":{"line":3,"column":null}},"2":{"start":{"line":4,"column":43},"end":{"line":4,"column":null}},"3":{"start":{"line":5,"column":26},"end":{"line":5,"column":null}},"4":{"start":{"line":7,"column":17},"end":{"line":7,"column":null}},"5":{"start":{"line":8,"column":29},"end":{"line":8,"column":null}},"6":{"start":{"line":9,"column":28},"end":{"line":9,"column":null}},"7":{"start":{"line":10,"column":29},"end":{"line":10,"column":null}},"8":{"start":{"line":11,"column":26},"end":{"line":11,"column":null}},"9":{"start":{"line":14,"column":19},"end":{"line":14,"column":null}},"10":{"start":{"line":15,"column":17},"end":{"line":15,"column":null}},"11":{"start":{"line":17,"column":34},"end":{"line":20,"column":null}},"12":{"start":{"line":22,"column":36},"end":{"line":22,"column":null}},"13":{"start":{"line":23,"column":40},"end":{"line":23,"column":null}},"14":{"start":{"line":24,"column":54},"end":{"line":24,"column":null}},"15":{"start":{"line":26,"column":22},"end":{"line":35,"column":null}},"16":{"start":{"line":27,"column":30},"end":{"line":27,"column":43}},"17":{"start":{"line":28,"column":28},"end":{"line":28,"column":42}},"18":{"start":{"line":30,"column":4},"end":{"line":33,"column":null}},"19":{"start":{"line":30,"column":32},"end":{"line":33,"column":null}},"20":{"start":{"line":39,"column":4},"end":{"line":39,"column":null}},"21":{"start":{"line":42,"column":4},"end":{"line":79,"column":null}},"22":{"start":{"line":43,"column":26},"end":{"line":43,"column":null}},"23":{"start":{"line":44,"column":23},"end":{"line":44,"column":null}},"24":{"start":{"line":46,"column":6},"end":{"line":48,"column":null}},"25":{"start":{"line":47,"column":8},"end":{"line":47,"column":null}},"26":{"start":{"line":50,"column":23},"end":{"line":68,"column":null}},"27":{"start":{"line":52,"column":10},"end":{"line":52,"column":null}},"28":{"start":{"line":53,"column":10},"end":{"line":67,"column":null}},"29":{"start":{"line":54,"column":12},"end":{"line":54,"column":null}},"30":{"start":{"line":55,"column":12},"end":{"line":55,"column":null}},"31":{"start":{"line":57,"column":12},"end":{"line":60,"column":null}},"32":{"start":{"line":61,"column":12},"end":{"line":61,"column":null}},"33":{"start":{"line":62,"column":12},"end":{"line":62,"column":null}},"34":{"start":{"line":63,"column":24},"end":{"line":63,"column":78}},"35":{"start":{"line":64,"column":12},"end":{"line":64,"column":null}},"36":{"start":{"line":65,"column":12},"end":{"line":65,"column":null}},"37":{"start":{"line":66,"column":12},"end":{"line":66,"column":null}},"38":{"start":{"line":72,"column":6},"end":{"line":72,"column":null}},"39":{"start":{"line":73,"column":6},"end":{"line":73,"column":null}},"40":{"start":{"line":74,"column":6},"end":{"line":74,"column":null}},"41":{"start":{"line":75,"column":6},"end":{"line":77,"column":null}},"42":{"start":{"line":76,"column":8},"end":{"line":76,"column":null}}},"fnMap":{"0":{"name":"Login","decl":{"start":{"line":13,"column":24},"end":{"line":13,"column":null}},"loc":{"start":{"line":13,"column":24},"end":{"line":99,"column":null}}},"1":{"name":"(anonymous_6)","decl":{"start":{"line":26,"column":22},"end":{"line":26,"column":23}},"loc":{"start":{"line":26,"column":23},"end":{"line":35,"column":null}}},"2":{"name":"(anonymous_7)","decl":{"start":{"line":30,"column":16},"end":{"line":30,"column":17}},"loc":{"start":{"line":30,"column":32},"end":{"line":33,"column":null}}},"3":{"name":"submitForm","decl":{"start":{"line":37,"column":17},"end":{"line":37,"column":28}},"loc":{"start":{"line":37,"column":57},"end":{"line":80,"column":null}}},"4":{"name":"(anonymous_9)","decl":{"start":{"line":51,"column":14},"end":{"line":51,"column":15}},"loc":{"start":{"line":51,"column":15},"end":{"line":68,"column":null}}}},"branchMap":{"0":{"loc":{"start":{"line":53,"column":10},"end":{"line":67,"column":null}},"type":"if","locations":[{"start":{"line":53,"column":10},"end":{"line":67,"column":null}},{"start":{"line":56,"column":17},"end":{"line":67,"column":null}}]},"1":{"loc":{"start":{"line":75,"column":6},"end":{"line":77,"column":null}},"type":"if","locations":[{"start":{"line":75,"column":6},"end":{"line":77,"column":null}}]}},"s":{"0":0,"1":0,"2":0,"3":0,"4":0,"5":0,"6":0,"7":0,"8":0,"9":0,"10":0,"11":0,"12":0,"13":0,"14":0,"15":0,"16":0,"17":0,"18":0,"19":0,"20":0,"21":0,"22":0,"23":0,"24":0,"25":0,"26":0,"27":0,"28":0,"29":0,"30":0,"31":0,"32":0,"33":0,"34":0,"35":0,"36":0,"37":0,"38":0,"39":0,"40":0,"41":0,"42":0},"f":{"0":0,"1":0,"2":0,"3":0,"4":0},"b":{"0":[0,0],"1":[0]}}
,"C:\\Users\\kelly\\Documents\\Development\\Portfolio\\education-suite\\eduplanner\\src\\app\\register\\page.tsx": {"path":"C:\\Users\\kelly\\Documents\\Development\\Portfolio\\education-suite\\eduplanner\\src\\app\\register\\page.tsx","statementMap":{"0":{"start":{"line":18,"column":24},"end":{"line":18,"column":null}},"1":{"start":{"line":3,"column":25},"end":{"line":3,"column":null}},"2":{"start":{"line":4,"column":43},"end":{"line":4,"column":null}},"3":{"start":{"line":5,"column":26},"end":{"line":5,"column":null}},"4":{"start":{"line":7,"column":29},"end":{"line":7,"column":null}},"5":{"start":{"line":8,"column":28},"end":{"line":8,"column":null}},"6":{"start":{"line":9,"column":29},"end":{"line":9,"column":null}},"7":{"start":{"line":11,"column":30},"end":{"line":11,"column":null}},"8":{"start":{"line":19,"column":19},"end":{"line":19,"column":null}},"9":{"start":{"line":20,"column":17},"end":{"line":20,"column":null}},"10":{"start":{"line":22,"column":34},"end":{"line":28,"column":null}},"11":{"start":{"line":30,"column":36},"end":{"line":30,"column":null}},"12":{"start":{"line":31,"column":66},"end":{"line":31,"column":null}},"13":{"start":{"line":34,"column":30},"end":{"line":34,"column":43}},"14":{"start":{"line":35,"column":31},"end":{"line":35,"column":45}},"15":{"start":{"line":37,"column":4},"end":{"line":40,"column":null}},"16":{"start":{"line":37,"column":32},"end":{"line":40,"column":null}},"17":{"start":{"line":45,"column":4},"end":{"line":45,"column":null}},"18":{"start":{"line":48,"column":4},"end":{"line":99,"column":null}},"19":{"start":{"line":49,"column":26},"end":{"line":49,"column":null}},"20":{"start":{"line":50,"column":38},"end":{"line":56,"column":null}},"21":{"start":{"line":58,"column":6},"end":{"line":60,"column":null}},"22":{"start":{"line":59,"column":8},"end":{"line":59,"column":null}},"23":{"start":{"line":62,"column":21},"end":{"line":62,"column":null}},"24":{"start":{"line":63,"column":23},"end":{"line":63,"column":67}},"25":{"start":{"line":65,"column":30},"end":{"line":70,"column":null}},"26":{"start":{"line":72,"column":6},"end":{"line":90,"column":null}},"27":{"start":{"line":74,"column":10},"end":{"line":74,"column":null}},"28":{"start":{"line":75,"column":10},"end":{"line":89,"column":null}},"29":{"start":{"line":76,"column":12},"end":{"line":76,"column":null}},"30":{"start":{"line":77,"column":12},"end":{"line":77,"column":null}},"31":{"start":{"line":79,"column":12},"end":{"line":85,"column":null}},"32":{"start":{"line":86,"column":12},"end":{"line":86,"column":null}},"33":{"start":{"line":87,"column":12},"end":{"line":87,"column":null}},"34":{"start":{"line":88,"column":12},"end":{"line":88,"column":null}},"35":{"start":{"line":93,"column":6},"end":{"line":93,"column":null}},"36":{"start":{"line":94,"column":6},"end":{"line":94,"column":null}},"37":{"start":{"line":96,"column":6},"end":{"line":98,"column":null}},"38":{"start":{"line":97,"column":8},"end":{"line":97,"column":null}}},"fnMap":{"0":{"name":"Register","decl":{"start":{"line":18,"column":24},"end":{"line":18,"column":null}},"loc":{"start":{"line":18,"column":24},"end":{"line":116,"column":null}}},"1":{"name":"handleInput","decl":{"start":{"line":33,"column":11},"end":{"line":33,"column":23}},"loc":{"start":{"line":33,"column":59},"end":{"line":41,"column":null}}},"2":{"name":"(anonymous_7)","decl":{"start":{"line":37,"column":16},"end":{"line":37,"column":17}},"loc":{"start":{"line":37,"column":32},"end":{"line":40,"column":null}}},"3":{"name":"submitForm","decl":{"start":{"line":43,"column":17},"end":{"line":43,"column":28}},"loc":{"start":{"line":43,"column":57},"end":{"line":100,"column":null}}},"4":{"name":"(anonymous_9)","decl":{"start":{"line":73,"column":14},"end":{"line":73,"column":15}},"loc":{"start":{"line":73,"column":15},"end":{"line":90,"column":null}}}},"branchMap":{"0":{"loc":{"start":{"line":75,"column":10},"end":{"line":89,"column":null}},"type":"if","locations":[{"start":{"line":75,"column":10},"end":{"line":89,"column":null}},{"start":{"line":78,"column":17},"end":{"line":89,"column":null}}]},"1":{"loc":{"start":{"line":96,"column":6},"end":{"line":98,"column":null}},"type":"if","locations":[{"start":{"line":96,"column":6},"end":{"line":98,"column":null}}]}},"s":{"0":5,"1":1,"2":1,"3":1,"4":1,"5":1,"6":1,"7":1,"8":29,"9":29,"10":29,"11":29,"12":29,"13":16,"14":16,"15":16,"16":16,"17":4,"18":4,"19":4,"20":4,"21":4,"22":20,"23":4,"24":4,"25":4,"26":4,"27":3,"28":3,"29":2,"30":2,"31":1,"32":1,"33":1,"34":1,"35":1,"36":1,"37":1,"38":1},"f":{"0":29,"1":16,"2":16,"3":4,"4":3},"b":{"0":[2,1],"1":[1]}}
,"C:\\Users\\kelly\\Documents\\Development\\Portfolio\\education-suite\\eduplanner\\src\\components\\dashboard.tsx": {"path":"C:\\Users\\kelly\\Documents\\Development\\Portfolio\\education-suite\\eduplanner\\src\\components\\dashboard.tsx","statementMap":{"0":{"start":{"line":6,"column":13},"end":{"line":6,"column":25}},"1":{"start":{"line":3,"column":19},"end":{"line":3,"column":null}},"2":{"start":{"line":4,"column":24},"end":{"line":4,"column":null}},"3":{"start":{"line":6,"column":25},"end":{"line":48,"column":null}},"4":{"start":{"line":7,"column":19},"end":{"line":7,"column":100}}},"fnMap":{"0":{"name":"(anonymous_2)","decl":{"start":{"line":6,"column":25},"end":{"line":6,"column":26}},"loc":{"start":{"line":6,"column":112},"end":{"line":48,"column":null}}}},"branchMap":{"0":{"loc":{"start":{"line":11,"column":8},"end":{"line":38,"column":9}},"type":"cond-expr","locations":[{"start":{"line":11,"column":8},"end":{"line":38,"column":9}}]},"1":{"loc":{"start":{"line":14,"column":12},"end":{"line":21,"column":13}},"type":"cond-expr","locations":[{"start":{"line":14,"column":12},"end":{"line":21,"column":13}}]},"2":{"loc":{"start":{"line":24,"column":18},"end":{"line":25,"column":19}},"type":"cond-expr","locations":[{"start":{"line":24,"column":18},"end":{"line":25,"column":19}}]}},"s":{"0":0,"1":0,"2":0,"3":0,"4":0},"f":{"0":0},"b":{"0":[0],"1":[0],"2":[0]}}
,"C:\\Users\\kelly\\Documents\\Development\\Portfolio\\education-suite\\eduplanner\\src\\components\\footer.tsx": {"path":"C:\\Users\\kelly\\Documents\\Development\\Portfolio\\education-suite\\eduplanner\\src\\components\\footer.tsx","statementMap":{"0":{"start":{"line":3,"column":13},"end":{"line":3,"column":22}},"1":{"start":{"line":3,"column":22},"end":{"line":12,"column":null}}},"fnMap":{"0":{"name":"(anonymous_1)","decl":{"start":{"line":3,"column":22},"end":{"line":3,"column":null}},"loc":{"start":{"line":3,"column":22},"end":{"line":12,"column":null}}}},"branchMap":{},"s":{"0":0,"1":0},"f":{"0":0},"b":{}}
,"C:\\Users\\kelly\\Documents\\Development\\Portfolio\\education-suite\\eduplanner\\src\\components\\navbar.tsx": {"path":"C:\\Users\\kelly\\Documents\\Development\\Portfolio\\education-suite\\eduplanner\\src\\components\\navbar.tsx","statementMap":{"0":{"start":{"line":20,"column":13},"end":{"line":20,"column":22}},"1":{"start":{"line":3,"column":17},"end":{"line":3,"column":null}},"2":{"start":{"line":4,"column":46},"end":{"line":4,"column":null}},"3":{"start":{"line":7,"column":28},"end":{"line":7,"column":null}},"4":{"start":{"line":8,"column":32},"end":{"line":8,"column":null}},"5":{"start":{"line":9,"column":26},"end":{"line":9,"column":null}},"6":{"start":{"line":10,"column":39},"end":{"line":10,"column":null}},"7":{"start":{"line":11,"column":25},"end":{"line":11,"column":null}},"8":{"start":{"line":12,"column":18},"end":{"line":12,"column":null}},"9":{"start":{"line":16,"column":2},"end":{"line":16,"column":null}},"10":{"start":{"line":20,"column":22},"end":{"line":232,"column":null}},"11":{"start":{"line":22,"column":19},"end":{"line":22,"column":null}},"12":{"start":{"line":23,"column":17},"end":{"line":23,"column":null}},"13":{"start":{"line":24,"column":19},"end":{"line":24,"column":null}},"14":{"start":{"line":26,"column":30},"end":{"line":26,"column":null}},"15":{"start":{"line":28,"column":2},"end":{"line":31,"column":null}},"16":{"start":{"line":29,"column":28},"end":{"line":29,"column":null}},"17":{"start":{"line":30,"column":4},"end":{"line":30,"column":null}},"18":{"start":{"line":33,"column":21},"end":{"line":35,"column":null}},"19":{"start":{"line":37,"column":17},"end":{"line":53,"column":null}},"20":{"start":{"line":38,"column":4},"end":{"line":51,"column":null}},"21":{"start":{"line":39,"column":18},"end":{"line":48,"column":null}},"22":{"start":{"line":41,"column":10},"end":{"line":47,"column":null}},"23":{"start":{"line":42,"column":12},"end":{"line":42,"column":null}},"24":{"start":{"line":44,"column":12},"end":{"line":44,"column":null}},"25":{"start":{"line":45,"column":12},"end":{"line":45,"column":null}},"26":{"start":{"line":46,"column":12},"end":{"line":46,"column":null}},"27":{"start":{"line":50,"column":6},"end":{"line":50,"column":null}},"28":{"start":{"line":77,"column":22},"end":{"line":78,"column":null}},"29":{"start":{"line":182,"column":16},"end":{"line":183,"column":null}}},"fnMap":{"0":{"name":"classNames","decl":{"start":{"line":15,"column":9},"end":{"line":15,"column":20}},"loc":{"start":{"line":15,"column":30},"end":{"line":17,"column":null}}},"1":{"name":"(anonymous_3)","decl":{"start":{"line":20,"column":22},"end":{"line":20,"column":23}},"loc":{"start":{"line":20,"column":52},"end":{"line":232,"column":null}}},"2":{"name":"(anonymous_4)","decl":{"start":{"line":28,"column":12},"end":{"line":28,"column":null}},"loc":{"start":{"line":28,"column":12},"end":{"line":31,"column":5}}},"3":{"name":"(anonymous_5)","decl":{"start":{"line":37,"column":17},"end":{"line":37,"column":null}},"loc":{"start":{"line":37,"column":17},"end":{"line":53,"column":null}}},"4":{"name":"(anonymous_6)","decl":{"start":{"line":40,"column":14},"end":{"line":40,"column":21}},"loc":{"start":{"line":40,"column":21},"end":{"line":48,"column":null}}},"5":{"name":"(anonymous_8)","decl":{"start":{"line":76,"column":36},"end":{"line":76,"column":37}},"loc":{"start":{"line":77,"column":22},"end":{"line":78,"column":null}}},"6":{"name":"(anonymous_11)","decl":{"start":{"line":181,"column":30},"end":{"line":181,"column":31}},"loc":{"start":{"line":182,"column":16},"end":{"line":183,"column":null}}}},"branchMap":{"0":{"loc":{"start":{"line":41,"column":10},"end":{"line":47,"column":null}},"type":"if","locations":[{"start":{"line":41,"column":10},"end":{"line":47,"column":null}},{"start":{"line":43,"column":17},"end":{"line":47,"column":null}}]},"1":{"loc":{"start":{"line":67,"column":20},"end":{"line":69,"column":21}},"type":"cond-expr","locations":[{"start":{"line":67,"column":20},"end":{"line":69,"column":21}}]},"2":{"loc":{"start":{"line":81,"column":26},"end":{"line":81,"column":null}},"type":"cond-expr","locations":[{"start":{"line":81,"column":41},"end":{"line":81,"column":68}},{"start":{"line":81,"column":68},"end":{"line":81,"column":null}}]},"3":{"loc":{"start":{"line":84,"column":38},"end":{"line":84,"column":null}},"type":"cond-expr","locations":[{"start":{"line":84,"column":53},"end":{"line":84,"column":62}},{"start":{"line":84,"column":62},"end":{"line":84,"column":null}}]},"4":{"loc":{"start":{"line":89,"column":21},"end":{"line":101,"column":null}},"type":"cond-expr","locations":[{"start":{"line":90,"column":22},"end":{"line":91,"column":null}},{"start":{"line":101,"column":24},"end":{"line":101,"column":null}}]},"5":{"loc":{"start":{"line":89,"column":21},"end":{"line":89,"column":null}},"type":"binary-expr","locations":[{"start":{"line":89,"column":21},"end":{"line":89,"column":40}},{"start":{"line":89,"column":40},"end":{"line":89,"column":null}}]},"6":{"loc":{"start":{"line":94,"column":26},"end":{"line":94,"column":null}},"type":"cond-expr","locations":[{"start":{"line":94,"column":56},"end":{"line":94,"column":83}},{"start":{"line":94,"column":83},"end":{"line":94,"column":null}}]},"7":{"loc":{"start":{"line":97,"column":38},"end":{"line":97,"column":null}},"type":"cond-expr","locations":[{"start":{"line":97,"column":68},"end":{"line":97,"column":77}},{"start":{"line":97,"column":77},"end":{"line":97,"column":null}}]},"8":{"loc":{"start":{"line":106,"column":41},"end":{"line":106,"column":null}},"type":"cond-expr","locations":[{"start":{"line":106,"column":59},"end":{"line":106,"column":153}},{"start":{"line":106,"column":153},"end":{"line":106,"column":null}}]},"9":{"loc":{"start":{"line":139,"column":50},"end":{"line":139,"column":79}},"type":"cond-expr","locations":[{"start":{"line":139,"column":59},"end":{"line":139,"column":75}},{"start":{"line":139,"column":75},"end":{"line":139,"column":79}}]},"10":{"loc":{"start":{"line":151,"column":50},"end":{"line":151,"column":79}},"type":"cond-expr","locations":[{"start":{"line":151,"column":59},"end":{"line":151,"column":75}},{"start":{"line":151,"column":75},"end":{"line":151,"column":79}}]},"11":{"loc":{"start":{"line":161,"column":41},"end":{"line":161,"column":null}},"type":"cond-expr","locations":[{"start":{"line":161,"column":60},"end":{"line":161,"column":124}},{"start":{"line":161,"column":124},"end":{"line":161,"column":null}}]},"12":{"loc":{"start":{"line":167,"column":22},"end":{"line":167,"column":null}},"type":"cond-expr","locations":[{"start":{"line":167,"column":46},"end":{"line":167,"column":73}},{"start":{"line":167,"column":73},"end":{"line":167,"column":null}}]},"13":{"loc":{"start":{"line":170,"column":34},"end":{"line":170,"column":null}},"type":"cond-expr","locations":[{"start":{"line":170,"column":58},"end":{"line":170,"column":67}},{"start":{"line":170,"column":67},"end":{"line":170,"column":null}}]},"14":{"loc":{"start":{"line":187,"column":20},"end":{"line":187,"column":null}},"type":"cond-expr","locations":[{"start":{"line":187,"column":35},"end":{"line":187,"column":62}},{"start":{"line":187,"column":62},"end":{"line":187,"column":null}}]},"15":{"loc":{"start":{"line":190,"column":32},"end":{"line":190,"column":null}},"type":"cond-expr","locations":[{"start":{"line":190,"column":47},"end":{"line":190,"column":56}},{"start":{"line":190,"column":56},"end":{"line":190,"column":null}}]},"16":{"loc":{"start":{"line":196,"column":16},"end":{"line":208,"column":null}},"type":"cond-expr","locations":[{"start":{"line":197,"column":18},"end":{"line":198,"column":null}},{"start":{"line":208,"column":41},"end":{"line":208,"column":null}}]},"17":{"loc":{"start":{"line":196,"column":16},"end":{"line":196,"column":null}},"type":"binary-expr","locations":[{"start":{"line":196,"column":16},"end":{"line":196,"column":35}},{"start":{"line":196,"column":35},"end":{"line":196,"column":null}}]},"18":{"loc":{"start":{"line":202,"column":22},"end":{"line":202,"column":null}},"type":"cond-expr","locations":[{"start":{"line":202,"column":52},"end":{"line":202,"column":79}},{"start":{"line":202,"column":79},"end":{"line":202,"column":null}}]},"19":{"loc":{"start":{"line":205,"column":34},"end":{"line":205,"column":null}},"type":"cond-expr","locations":[{"start":{"line":205,"column":64},"end":{"line":205,"column":73}},{"start":{"line":205,"column":73},"end":{"line":205,"column":null}}]},"20":{"loc":{"start":{"line":211,"column":16},"end":{"line":223,"column":null}},"type":"cond-expr","locations":[{"start":{"line":212,"column":18},"end":{"line":213,"column":null}},{"start":{"line":223,"column":41},"end":{"line":223,"column":null}}]},"21":{"loc":{"start":{"line":217,"column":22},"end":{"line":217,"column":null}},"type":"cond-expr","locations":[{"start":{"line":217,"column":46},"end":{"line":217,"column":73}},{"start":{"line":217,"column":73},"end":{"line":217,"column":null}}]},"22":{"loc":{"start":{"line":220,"column":34},"end":{"line":220,"column":null}},"type":"cond-expr","locations":[{"start":{"line":220,"column":58},"end":{"line":220,"column":67}},{"start":{"line":220,"column":67},"end":{"line":220,"column":null}}]}},"s":{"0":0,"1":0,"2":0,"3":0,"4":0,"5":0,"6":0,"7":0,"8":0,"9":0,"10":0,"11":0,"12":0,"13":0,"14":0,"15":0,"16":0,"17":0,"18":0,"19":0,"20":0,"21":0,"22":0,"23":0,"24":0,"25":0,"26":0,"27":0,"28":0,"29":0},"f":{"0":0,"1":0,"2":0,"3":0,"4":0,"5":0,"6":0},"b":{"0":[0,0],"1":[0],"2":[0,0],"3":[0,0],"4":[0,0],"5":[0,0],"6":[0,0],"7":[0,0],"8":[0,0],"9":[0,0],"10":[0,0],"11":[0,0],"12":[0,0],"13":[0,0],"14":[0,0],"15":[0,0],"16":[0,0],"17":[0,0],"18":[0,0],"19":[0,0],"20":[0,0],"21":[0,0],"22":[0,0]}}
,"C:\\Users\\kelly\\Documents\\Development\\Portfolio\\education-suite\\eduplanner\\src\\components\\user-profile.tsx": {"path":"C:\\Users\\kelly\\Documents\\Development\\Portfolio\\education-suite\\eduplanner\\src\\components\\user-profile.tsx","statementMap":{"0":{"start":{"line":6,"column":13},"end":{"line":6,"column":27}},"1":{"start":{"line":3,"column":36},"end":{"line":3,"column":null}},"2":{"start":{"line":4,"column":18},"end":{"line":4,"column":null}},"3":{"start":{"line":1,"column":0},"end":{"line":1,"column":null}},"4":{"start":{"line":6,"column":27},"end":{"line":40,"column":null}},"5":{"start":{"line":9,"column":30},"end":{"line":9,"column":null}},"6":{"start":{"line":10,"column":2},"end":{"line":13,"column":null}},"7":{"start":{"line":11,"column":28},"end":{"line":11,"column":null}},"8":{"start":{"line":12,"column":4},"end":{"line":12,"column":null}},"9":{"start":{"line":15,"column":34},"end":{"line":23,"column":null}},"10":{"start":{"line":16,"column":25},"end":{"line":16,"column":null}},"11":{"start":{"line":17,"column":4},"end":{"line":21,"column":null}},"12":{"start":{"line":18,"column":6},"end":{"line":18,"column":null}},"13":{"start":{"line":19,"column":11},"end":{"line":21,"column":null}},"14":{"start":{"line":20,"column":6},"end":{"line":20,"column":null}},"15":{"start":{"line":22,"column":4},"end":{"line":22,"column":null}}},"fnMap":{"0":{"name":"(anonymous_2)","decl":{"start":{"line":6,"column":27},"end":{"line":6,"column":null}},"loc":{"start":{"line":6,"column":27},"end":{"line":40,"column":null}}},"1":{"name":"(anonymous_3)","decl":{"start":{"line":10,"column":12},"end":{"line":10,"column":null}},"loc":{"start":{"line":10,"column":12},"end":{"line":13,"column":5}}},"2":{"name":"(anonymous_4)","decl":{"start":{"line":15,"column":34},"end":{"line":15,"column":null}},"loc":{"start":{"line":15,"column":34},"end":{"line":23,"column":null}}}},"branchMap":{"0":{"loc":{"start":{"line":17,"column":4},"end":{"line":21,"column":null}},"type":"if","locations":[{"start":{"line":17,"column":4},"end":{"line":21,"column":null}},{"start":{"line":19,"column":11},"end":{"line":21,"column":null}}]},"1":{"loc":{"start":{"line":17,"column":8},"end":{"line":17,"column":63}},"type":"binary-expr","locations":[{"start":{"line":17,"column":8},"end":{"line":17,"column":49}},{"start":{"line":17,"column":49},"end":{"line":17,"column":63}}]},"2":{"loc":{"start":{"line":19,"column":11},"end":{"line":21,"column":null}},"type":"if","locations":[{"start":{"line":19,"column":11},"end":{"line":21,"column":null}}]},"3":{"loc":{"start":{"line":19,"column":15},"end":{"line":19,"column":81}},"type":"binary-expr","locations":[{"start":{"line":19,"column":15},"end":{"line":19,"column":56}},{"start":{"line":19,"column":56},"end":{"line":19,"column":81}}]}},"s":{"0":0,"1":0,"2":0,"3":0,"4":0,"5":0,"6":0,"7":0,"8":0,"9":0,"10":0,"11":0,"12":0,"13":0,"14":0,"15":0},"f":{"0":0,"1":0,"2":0},"b":{"0":[0,0],"1":[0,0],"2":[0],"3":[0,0]}}
,"C:\\Users\\kelly\\Documents\\Development\\Portfolio\\education-suite\\eduplanner\\src\\components\\activities\\add-activity.tsx": {"path":"C:\\Users\\kelly\\Documents\\Development\\Portfolio\\education-suite\\eduplanner\\src\\components\\activities\\add-activity.tsx","statementMap":{"0":{"start":{"line":116,"column":0},"end":{"line":116,"column":15}},"1":{"start":{"line":1,"column":47},"end":{"line":1,"column":null}},"2":{"start":{"line":2,"column":31},"end":{"line":2,"column":null}},"3":{"start":{"line":3,"column":28},"end":{"line":3,"column":null}},"4":{"start":{"line":4,"column":28},"end":{"line":4,"column":null}},"5":{"start":{"line":5,"column":35},"end":{"line":5,"column":null}},"6":{"start":{"line":7,"column":33},"end":{"line":7,"column":null}},"7":{"start":{"line":10,"column":20},"end":{"line":114,"column":null}},"8":{"start":{"line":11,"column":19},"end":{"line":11,"column":null}},"9":{"start":{"line":13,"column":34},"end":{"line":18,"column":null}},"10":{"start":{"line":20,"column":36},"end":{"line":20,"column":null}},"11":{"start":{"line":21,"column":40},"end":{"line":21,"column":null}},"12":{"start":{"line":22,"column":54},"end":{"line":22,"column":null}},"13":{"start":{"line":24,"column":22},"end":{"line":33,"column":null}},"14":{"start":{"line":25,"column":30},"end":{"line":25,"column":43}},"15":{"start":{"line":26,"column":28},"end":{"line":26,"column":42}},"16":{"start":{"line":28,"column":4},"end":{"line":31,"column":null}},"17":{"start":{"line":28,"column":32},"end":{"line":31,"column":null}},"18":{"start":{"line":35,"column":16},"end":{"line":45,"column":null}},"19":{"start":{"line":36,"column":4},"end":{"line":44,"column":null}},"20":{"start":{"line":37,"column":6},"end":{"line":42,"column":null}},"21":{"start":{"line":43,"column":6},"end":{"line":43,"column":null}},"22":{"start":{"line":50,"column":4},"end":{"line":50,"column":null}},"23":{"start":{"line":53,"column":4},"end":{"line":104,"column":null}},"24":{"start":{"line":54,"column":23},"end":{"line":54,"column":null}},"25":{"start":{"line":55,"column":41},"end":{"line":55,"column":null}},"26":{"start":{"line":57,"column":6},"end":{"line":59,"column":null}},"27":{"start":{"line":58,"column":8},"end":{"line":58,"column":null}},"28":{"start":{"line":61,"column":6},"end":{"line":66,"column":null}},"29":{"start":{"line":61,"column":51},"end":{"line":61,"column":81}},"30":{"start":{"line":62,"column":8},"end":{"line":62,"column":null}},"31":{"start":{"line":63,"column":8},"end":{"line":63,"column":null}},"32":{"start":{"line":64,"column":8},"end":{"line":64,"column":null}},"33":{"start":{"line":65,"column":8},"end":{"line":65,"column":null}},"34":{"start":{"line":68,"column":27},"end":{"line":68,"column":null}},"35":{"start":{"line":69,"column":23},"end":{"line":69,"column":null}},"36":{"start":{"line":70,"column":25},"end":{"line":70,"column":null}},"37":{"start":{"line":72,"column":42},"end":{"line":81,"column":null}},"38":{"start":{"line":83,"column":23},"end":{"line":94,"column":null}},"39":{"start":{"line":85,"column":10},"end":{"line":85,"column":null}},"40":{"start":{"line":86,"column":10},"end":{"line":93,"column":null}},"41":{"start":{"line":87,"column":12},"end":{"line":87,"column":null}},"42":{"start":{"line":88,"column":12},"end":{"line":88,"column":null}},"43":{"start":{"line":89,"column":12},"end":{"line":89,"column":null}},"44":{"start":{"line":91,"column":12},"end":{"line":91,"column":null}},"45":{"start":{"line":92,"column":12},"end":{"line":92,"column":null}},"46":{"start":{"line":97,"column":6},"end":{"line":97,"column":null}},"47":{"start":{"line":98,"column":6},"end":{"line":98,"column":null}},"48":{"start":{"line":99,"column":6},"end":{"line":99,"column":null}},"49":{"start":{"line":100,"column":6},"end":{"line":102,"column":null}},"50":{"start":{"line":101,"column":8},"end":{"line":101,"column":null}},"51":{"start":{"line":103,"column":6},"end":{"line":103,"column":null}},"52":{"start":{"line":116,"column":15},"end":{"line":116,"column":null}}},"fnMap":{"0":{"name":"(anonymous_2)","decl":{"start":{"line":10,"column":20},"end":{"line":10,"column":21}},"loc":{"start":{"line":10,"column":36},"end":{"line":114,"column":null}}},"1":{"name":"(anonymous_3)","decl":{"start":{"line":24,"column":22},"end":{"line":24,"column":23}},"loc":{"start":{"line":24,"column":23},"end":{"line":33,"column":null}}},"2":{"name":"(anonymous_4)","decl":{"start":{"line":28,"column":16},"end":{"line":28,"column":17}},"loc":{"start":{"line":28,"column":32},"end":{"line":31,"column":null}}},"3":{"name":"(anonymous_5)","decl":{"start":{"line":35,"column":16},"end":{"line":35,"column":null}},"loc":{"start":{"line":35,"column":16},"end":{"line":45,"column":null}}},"4":{"name":"(anonymous_6)","decl":{"start":{"line":36,"column":15},"end":{"line":36,"column":null}},"loc":{"start":{"line":36,"column":15},"end":{"line":44,"column":7}}},"5":{"name":"submitForm","decl":{"start":{"line":48,"column":17},"end":{"line":48,"column":28}},"loc":{"start":{"line":48,"column":57},"end":{"line":105,"column":null}}},"6":{"name":"(anonymous_8)","decl":{"start":{"line":61,"column":39},"end":{"line":61,"column":51}},"loc":{"start":{"line":61,"column":51},"end":{"line":61,"column":81}}},"7":{"name":"(anonymous_9)","decl":{"start":{"line":84,"column":14},"end":{"line":84,"column":21}},"loc":{"start":{"line":84,"column":21},"end":{"line":94,"column":null}}}},"branchMap":{"0":{"loc":{"start":{"line":61,"column":6},"end":{"line":66,"column":null}},"type":"if","locations":[{"start":{"line":61,"column":6},"end":{"line":66,"column":null}}]},"1":{"loc":{"start":{"line":69,"column":23},"end":{"line":69,"column":null}},"type":"cond-expr","locations":[{"start":{"line":69,"column":53},"end":{"line":69,"column":60}},{"start":{"line":69,"column":60},"end":{"line":69,"column":null}}]},"2":{"loc":{"start":{"line":86,"column":10},"end":{"line":93,"column":null}},"type":"if","locations":[{"start":{"line":86,"column":10},"end":{"line":93,"column":null}},{"start":{"line":90,"column":17},"end":{"line":93,"column":null}}]},"3":{"loc":{"start":{"line":100,"column":6},"end":{"line":102,"column":null}},"type":"if","locations":[{"start":{"line":100,"column":6},"end":{"line":102,"column":null}}]}},"s":{"0":0,"1":0,"2":0,"3":0,"4":0,"5":0,"6":0,"7":0,"8":0,"9":0,"10":0,"11":0,"12":0,"13":0,"14":0,"15":0,"16":0,"17":0,"18":0,"19":0,"20":0,"21":0,"22":0,"23":0,"24":0,"25":0,"26":0,"27":0,"28":0,"29":0,"30":0,"31":0,"32":0,"33":0,"34":0,"35":0,"36":0,"37":0,"38":0,"39":0,"40":0,"41":0,"42":0,"43":0,"44":0,"45":0,"46":0,"47":0,"48":0,"49":0,"50":0,"51":0,"52":0},"f":{"0":0,"1":0,"2":0,"3":0,"4":0,"5":0,"6":0,"7":0},"b":{"0":[0],"1":[0,0],"2":[0,0],"3":[0]}}
,"C:\\Users\\kelly\\Documents\\Development\\Portfolio\\education-suite\\eduplanner\\src\\components\\activities\\view-activity.tsx": {"path":"C:\\Users\\kelly\\Documents\\Development\\Portfolio\\education-suite\\eduplanner\\src\\components\\activities\\view-activity.tsx","statementMap":{"0":{"start":{"line":10,"column":13},"end":{"line":10,"column":28}},"1":{"start":{"line":3,"column":36},"end":{"line":3,"column":null}},"2":{"start":{"line":4,"column":29},"end":{"line":4,"column":null}},"3":{"start":{"line":5,"column":28},"end":{"line":5,"column":null}},"4":{"start":{"line":6,"column":33},"end":{"line":6,"column":null}},"5":{"start":{"line":7,"column":19},"end":{"line":7,"column":null}},"6":{"start":{"line":8,"column":33},"end":{"line":8,"column":null}},"7":{"start":{"line":10,"column":28},"end":{"line":96,"column":null}},"8":{"start":{"line":11,"column":19},"end":{"line":11,"column":null}},"9":{"start":{"line":14,"column":36},"end":{"line":14,"column":null}},"10":{"start":{"line":15,"column":54},"end":{"line":15,"column":null}},"11":{"start":{"line":16,"column":41},"end":{"line":26,"column":null}},"12":{"start":{"line":27,"column":40},"end":{"line":27,"column":null}},"13":{"start":{"line":29,"column":2},"end":{"line":33,"column":null}},"14":{"start":{"line":30,"column":4},"end":{"line":30,"column":null}},"15":{"start":{"line":31,"column":4},"end":{"line":31,"column":null}},"16":{"start":{"line":35,"column":25},"end":{"line":62,"column":null}},"17":{"start":{"line":36,"column":4},"end":{"line":61,"column":null}},"18":{"start":{"line":37,"column":22},"end":{"line":42,"column":null}},"19":{"start":{"line":44,"column":23},"end":{"line":53,"column":null}},"20":{"start":{"line":46,"column":10},"end":{"line":46,"column":null}},"21":{"start":{"line":47,"column":10},"end":{"line":52,"column":null}},"22":{"start":{"line":48,"column":12},"end":{"line":48,"column":null}},"23":{"start":{"line":50,"column":12},"end":{"line":50,"column":null}},"24":{"start":{"line":51,"column":12},"end":{"line":51,"column":null}},"25":{"start":{"line":56,"column":6},"end":{"line":56,"column":null}},"26":{"start":{"line":57,"column":6},"end":{"line":57,"column":null}},"27":{"start":{"line":58,"column":6},"end":{"line":60,"column":null}},"28":{"start":{"line":59,"column":8},"end":{"line":59,"column":null}}},"fnMap":{"0":{"name":"(anonymous_2)","decl":{"start":{"line":10,"column":28},"end":{"line":10,"column":29}},"loc":{"start":{"line":10,"column":56},"end":{"line":96,"column":null}}},"1":{"name":"(anonymous_3)","decl":{"start":{"line":29,"column":12},"end":{"line":29,"column":null}},"loc":{"start":{"line":29,"column":12},"end":{"line":33,"column":5}}},"2":{"name":"(anonymous_4)","decl":{"start":{"line":35,"column":25},"end":{"line":35,"column":null}},"loc":{"start":{"line":35,"column":25},"end":{"line":62,"column":null}}},"3":{"name":"(anonymous_5)","decl":{"start":{"line":45,"column":14},"end":{"line":45,"column":21}},"loc":{"start":{"line":45,"column":21},"end":{"line":53,"column":null}}}},"branchMap":{"0":{"loc":{"start":{"line":47,"column":10},"end":{"line":52,"column":null}},"type":"if","locations":[{"start":{"line":47,"column":10},"end":{"line":52,"column":null}},{"start":{"line":49,"column":17},"end":{"line":52,"column":null}}]},"1":{"loc":{"start":{"line":58,"column":6},"end":{"line":60,"column":null}},"type":"if","locations":[{"start":{"line":58,"column":6},"end":{"line":60,"column":null}}]},"2":{"loc":{"start":{"line":70,"column":24},"end":{"line":70,"column":null}},"type":"binary-expr","locations":[{"start":{"line":70,"column":24},"end":{"line":70,"column":62}},{"start":{"line":70,"column":66},"end":{"line":70,"column":null}}]},"3":{"loc":{"start":{"line":74,"column":19},"end":{"line":77,"column":null}},"type":"cond-expr","locations":[{"start":{"line":75,"column":10},"end":{"line":75,"column":null}},{"start":{"line":77,"column":10},"end":{"line":77,"column":null}}]},"4":{"loc":{"start":{"line":81,"column":9},"end":{"line":81,"column":null}},"type":"cond-expr","locations":[{"start":{"line":81,"column":69},"end":{"line":81,"column":91}},{"start":{"line":81,"column":91},"end":{"line":81,"column":null}}]},"5":{"loc":{"start":{"line":86,"column":7},"end":{"line":91,"column":null}},"type":"cond-expr","locations":[{"start":{"line":87,"column":8},"end":{"line":91,"column":null}},{"start":{"line":91,"column":10},"end":{"line":91,"column":null}}]}},"s":{"0":0,"1":0,"2":0,"3":0,"4":0,"5":0,"6":0,"7":0,"8":0,"9":0,"10":0,"11":0,"12":0,"13":0,"14":0,"15":0,"16":0,"17":0,"18":0,"19":0,"20":0,"21":0,"22":0,"23":0,"24":0,"25":0,"26":0,"27":0,"28":0},"f":{"0":0,"1":0,"2":0,"3":0},"b":{"0":[0,0],"1":[0],"2":[0,0],"3":[0,0],"4":[0,0],"5":[0,0]}}
,"C:\\Users\\kelly\\Documents\\Development\\Portfolio\\education-suite\\eduplanner\\src\\components\\cards\\add-card.tsx": {"path":"C:\\Users\\kelly\\Documents\\Development\\Portfolio\\education-suite\\eduplanner\\src\\components\\cards\\add-card.tsx","statementMap":{"0":{"start":{"line":193,"column":0},"end":{"line":193,"column":15}},"1":{"start":{"line":1,"column":47},"end":{"line":1,"column":null}},"2":{"start":{"line":2,"column":45},"end":{"line":2,"column":null}},"3":{"start":{"line":3,"column":24},"end":{"line":3,"column":null}},"4":{"start":{"line":4,"column":28},"end":{"line":4,"column":null}},"5":{"start":{"line":6,"column":37},"end":{"line":6,"column":null}},"6":{"start":{"line":8,"column":16},"end":{"line":191,"column":null}},"7":{"start":{"line":9,"column":19},"end":{"line":9,"column":null}},"8":{"start":{"line":11,"column":34},"end":{"line":16,"column":null}},"9":{"start":{"line":17,"column":36},"end":{"line":17,"column":null}},"10":{"start":{"line":18,"column":40},"end":{"line":18,"column":null}},"11":{"start":{"line":19,"column":54},"end":{"line":19,"column":null}},"12":{"start":{"line":21,"column":2},"end":{"line":22,"column":null}},"13":{"start":{"line":25,"column":22},"end":{"line":37,"column":null}},"14":{"start":{"line":26,"column":30},"end":{"line":26,"column":43}},"15":{"start":{"line":27,"column":28},"end":{"line":27,"column":42}},"16":{"start":{"line":28,"column":19},"end":{"line":28,"column":null}},"17":{"start":{"line":30,"column":4},"end":{"line":34,"column":null}},"18":{"start":{"line":31,"column":6},"end":{"line":31,"column":null}},"19":{"start":{"line":33,"column":6},"end":{"line":33,"column":null}},"20":{"start":{"line":36,"column":4},"end":{"line":36,"column":null}},"21":{"start":{"line":40,"column":4},"end":{"line":50,"column":null}},"22":{"start":{"line":41,"column":6},"end":{"line":41,"column":null}},"23":{"start":{"line":43,"column":21},"end":{"line":43,"column":null}},"24":{"start":{"line":44,"column":21},"end":{"line":47,"column":null}},"25":{"start":{"line":48,"column":6},"end":{"line":48,"column":null}},"26":{"start":{"line":49,"column":6},"end":{"line":49,"column":null}},"27":{"start":{"line":54,"column":4},"end":{"line":59,"column":null}},"28":{"start":{"line":60,"column":4},"end":{"line":60,"column":null}},"29":{"start":{"line":61,"column":4},"end":{"line":61,"column":null}},"30":{"start":{"line":66,"column":17},"end":{"line":66,"column":44}},"31":{"start":{"line":68,"column":4},"end":{"line":68,"column":null}},"32":{"start":{"line":70,"column":28},"end":{"line":70,"column":30}},"33":{"start":{"line":72,"column":4},"end":{"line":86,"column":null}},"34":{"start":{"line":73,"column":6},"end":{"line":77,"column":null}},"35":{"start":{"line":74,"column":8},"end":{"line":74,"column":null}},"36":{"start":{"line":76,"column":8},"end":{"line":76,"column":null}},"37":{"start":{"line":80,"column":6},"end":{"line":80,"column":null}},"38":{"start":{"line":81,"column":6},"end":{"line":81,"column":null}},"39":{"start":{"line":82,"column":6},"end":{"line":82,"column":null}},"40":{"start":{"line":83,"column":6},"end":{"line":85,"column":null}},"41":{"start":{"line":84,"column":8},"end":{"line":84,"column":null}},"42":{"start":{"line":90,"column":24},"end":{"line":90,"column":null}},"43":{"start":{"line":92,"column":4},"end":{"line":99,"column":null}},"44":{"start":{"line":93,"column":20},"end":{"line":93,"column":41}},"45":{"start":{"line":94,"column":6},"end":{"line":98,"column":null}},"46":{"start":{"line":95,"column":8},"end":{"line":95,"column":null}},"47":{"start":{"line":97,"column":8},"end":{"line":97,"column":null}},"48":{"start":{"line":101,"column":4},"end":{"line":105,"column":null}},"49":{"start":{"line":101,"column":38},"end":{"line":101,"column":125}},"50":{"start":{"line":101,"column":69},"end":{"line":101,"column":121}},"51":{"start":{"line":102,"column":6},"end":{"line":102,"column":null}},"52":{"start":{"line":103,"column":6},"end":{"line":103,"column":null}},"53":{"start":{"line":104,"column":6},"end":{"line":104,"column":null}},"54":{"start":{"line":107,"column":21},"end":{"line":115,"column":null}},"55":{"start":{"line":108,"column":6},"end":{"line":114,"column":null}},"56":{"start":{"line":117,"column":21},"end":{"line":128,"column":null}},"57":{"start":{"line":119,"column":8},"end":{"line":119,"column":null}},"58":{"start":{"line":120,"column":8},"end":{"line":127,"column":null}},"59":{"start":{"line":121,"column":10},"end":{"line":121,"column":null}},"60":{"start":{"line":122,"column":10},"end":{"line":122,"column":null}},"61":{"start":{"line":124,"column":10},"end":{"line":124,"column":null}},"62":{"start":{"line":125,"column":10},"end":{"line":125,"column":null}},"63":{"start":{"line":126,"column":10},"end":{"line":126,"column":null}},"64":{"start":{"line":130,"column":4},"end":{"line":130,"column":null}},"65":{"start":{"line":134,"column":24},"end":{"line":134,"column":null}},"66":{"start":{"line":136,"column":4},"end":{"line":143,"column":null}},"67":{"start":{"line":137,"column":20},"end":{"line":137,"column":41}},"68":{"start":{"line":138,"column":6},"end":{"line":142,"column":null}},"69":{"start":{"line":139,"column":8},"end":{"line":139,"column":null}},"70":{"start":{"line":141,"column":8},"end":{"line":141,"column":null}},"71":{"start":{"line":145,"column":4},"end":{"line":149,"column":null}},"72":{"start":{"line":145,"column":40},"end":{"line":145,"column":114}},"73":{"start":{"line":146,"column":6},"end":{"line":146,"column":null}},"74":{"start":{"line":147,"column":6},"end":{"line":147,"column":null}},"75":{"start":{"line":148,"column":6},"end":{"line":148,"column":null}},"76":{"start":{"line":151,"column":4},"end":{"line":155,"column":null}},"77":{"start":{"line":152,"column":6},"end":{"line":152,"column":null}},"78":{"start":{"line":153,"column":6},"end":{"line":153,"column":null}},"79":{"start":{"line":154,"column":6},"end":{"line":154,"column":null}},"80":{"start":{"line":157,"column":21},"end":{"line":165,"column":null}},"81":{"start":{"line":158,"column":6},"end":{"line":164,"column":null}},"82":{"start":{"line":168,"column":21},"end":{"line":179,"column":null}},"83":{"start":{"line":170,"column":8},"end":{"line":170,"column":null}},"84":{"start":{"line":171,"column":8},"end":{"line":178,"column":null}},"85":{"start":{"line":172,"column":10},"end":{"line":172,"column":null}},"86":{"start":{"line":173,"column":10},"end":{"line":173,"column":null}},"87":{"start":{"line":175,"column":10},"end":{"line":175,"column":null}},"88":{"start":{"line":176,"column":10},"end":{"line":176,"column":null}},"89":{"start":{"line":177,"column":10},"end":{"line":177,"column":null}},"90":{"start":{"line":181,"column":4},"end":{"line":181,"column":null}},"91":{"start":{"line":193,"column":15},"end":{"line":193,"column":null}}},"fnMap":{"0":{"name":"(anonymous_2)","decl":{"start":{"line":8,"column":16},"end":{"line":8,"column":17}},"loc":{"start":{"line":8,"column":38},"end":{"line":191,"column":null}}},"1":{"name":"(anonymous_3)","decl":{"start":{"line":21,"column":12},"end":{"line":21,"column":null}},"loc":{"start":{"line":21,"column":12},"end":{"line":22,"column":5}}},"2":{"name":"(anonymous_4)","decl":{"start":{"line":25,"column":22},"end":{"line":25,"column":23}},"loc":{"start":{"line":25,"column":31},"end":{"line":37,"column":null}}},"3":{"name":"addCardFieldset","decl":{"start":{"line":39,"column":11},"end":{"line":39,"column":null}},"loc":{"start":{"line":39,"column":11},"end":{"line":51,"column":null}}},"4":{"name":"reset","decl":{"start":{"line":53,"column":11},"end":{"line":53,"column":null}},"loc":{"start":{"line":53,"column":11},"end":{"line":62,"column":null}}},"5":{"name":"submitForm","decl":{"start":{"line":65,"column":17},"end":{"line":65,"column":28}},"loc":{"start":{"line":65,"column":57},"end":{"line":87,"column":null}}},"6":{"name":"submitCreateCard","decl":{"start":{"line":89,"column":17},"end":{"line":89,"column":34}},"loc":{"start":{"line":89,"column":61},"end":{"line":131,"column":null}}},"7":{"name":"(anonymous_9)","decl":{"start":{"line":101,"column":30},"end":{"line":101,"column":38}},"loc":{"start":{"line":101,"column":38},"end":{"line":101,"column":125}}},"8":{"name":"(anonymous_10)","decl":{"start":{"line":101,"column":61},"end":{"line":101,"column":69}},"loc":{"start":{"line":101,"column":69},"end":{"line":101,"column":121}}},"9":{"name":"(anonymous_11)","decl":{"start":{"line":107,"column":43},"end":{"line":107,"column":44}},"loc":{"start":{"line":107,"column":44},"end":{"line":115,"column":null}}},"10":{"name":"(anonymous_12)","decl":{"start":{"line":118,"column":12},"end":{"line":118,"column":19}},"loc":{"start":{"line":118,"column":19},"end":{"line":128,"column":null}}},"11":{"name":"submitEditCard","decl":{"start":{"line":133,"column":17},"end":{"line":133,"column":32}},"loc":{"start":{"line":133,"column":59},"end":{"line":182,"column":null}}},"12":{"name":"(anonymous_14)","decl":{"start":{"line":145,"column":32},"end":{"line":145,"column":40}},"loc":{"start":{"line":145,"column":40},"end":{"line":145,"column":114}}},"13":{"name":"(anonymous_15)","decl":{"start":{"line":157,"column":43},"end":{"line":157,"column":44}},"loc":{"start":{"line":157,"column":44},"end":{"line":165,"column":null}}},"14":{"name":"(anonymous_16)","decl":{"start":{"line":169,"column":12},"end":{"line":169,"column":19}},"loc":{"start":{"line":169,"column":19},"end":{"line":179,"column":null}}}},"branchMap":{"0":{"loc":{"start":{"line":30,"column":4},"end":{"line":34,"column":null}},"type":"if","locations":[{"start":{"line":30,"column":4},"end":{"line":34,"column":null}},{"start":{"line":32,"column":11},"end":{"line":34,"column":null}}]},"1":{"loc":{"start":{"line":40,"column":4},"end":{"line":50,"column":null}},"type":"if","locations":[{"start":{"line":40,"column":4},"end":{"line":50,"column":null}},{"start":{"line":42,"column":11},"end":{"line":50,"column":null}}]},"2":{"loc":{"start":{"line":66,"column":17},"end":{"line":66,"column":44}},"type":"binary-expr","locations":[{"start":{"line":66,"column":17},"end":{"line":66,"column":32}},{"start":{"line":66,"column":36},"end":{"line":66,"column":44}}]},"3":{"loc":{"start":{"line":73,"column":6},"end":{"line":77,"column":null}},"type":"if","locations":[{"start":{"line":73,"column":6},"end":{"line":77,"column":null}},{"start":{"line":75,"column":13},"end":{"line":77,"column":null}}]},"4":{"loc":{"start":{"line":83,"column":6},"end":{"line":85,"column":null}},"type":"if","locations":[{"start":{"line":83,"column":6},"end":{"line":85,"column":null}}]},"5":{"loc":{"start":{"line":94,"column":6},"end":{"line":98,"column":null}},"type":"if","locations":[{"start":{"line":94,"column":6},"end":{"line":98,"column":null}},{"start":{"line":96,"column":13},"end":{"line":98,"column":null}}]},"6":{"loc":{"start":{"line":101,"column":4},"end":{"line":105,"column":null}},"type":"if","locations":[{"start":{"line":101,"column":4},"end":{"line":105,"column":null}}]},"7":{"loc":{"start":{"line":101,"column":69},"end":{"line":101,"column":121}},"type":"binary-expr","locations":[{"start":{"line":101,"column":69},"end":{"line":101,"column":94}},{"start":{"line":101,"column":98},"end":{"line":101,"column":121}}]},"8":{"loc":{"start":{"line":120,"column":8},"end":{"line":127,"column":null}},"type":"if","locations":[{"start":{"line":120,"column":8},"end":{"line":127,"column":null}},{"start":{"line":123,"column":15},"end":{"line":127,"column":null}}]},"9":{"loc":{"start":{"line":138,"column":6},"end":{"line":142,"column":null}},"type":"if","locations":[{"start":{"line":138,"column":6},"end":{"line":142,"column":null}},{"start":{"line":140,"column":13},"end":{"line":142,"column":null}}]},"10":{"loc":{"start":{"line":145,"column":4},"end":{"line":149,"column":null}},"type":"if","locations":[{"start":{"line":145,"column":4},"end":{"line":149,"column":null}}]},"11":{"loc":{"start":{"line":145,"column":40},"end":{"line":145,"column":114}},"type":"binary-expr","locations":[{"start":{"line":145,"column":40},"end":{"line":145,"column":76}},{"start":{"line":145,"column":80},"end":{"line":145,"column":114}}]},"12":{"loc":{"start":{"line":151,"column":4},"end":{"line":155,"column":null}},"type":"if","locations":[{"start":{"line":151,"column":4},"end":{"line":155,"column":null}}]},"13":{"loc":{"start":{"line":151,"column":8},"end":{"line":151,"column":114}},"type":"binary-expr","locations":[{"start":{"line":151,"column":8},"end":{"line":151,"column":60}},{"start":{"line":151,"column":64},"end":{"line":151,"column":114}}]},"14":{"loc":{"start":{"line":171,"column":8},"end":{"line":178,"column":null}},"type":"if","locations":[{"start":{"line":171,"column":8},"end":{"line":178,"column":null}},{"start":{"line":174,"column":15},"end":{"line":178,"column":null}}]}},"s":{"0":0,"1":0,"2":0,"3":0,"4":0,"5":0,"6":0,"7":0,"8":0,"9":0,"10":0,"11":0,"12":0,"13":0,"14":0,"15":0,"16":0,"17":0,"18":0,"19":0,"20":0,"21":0,"22":0,"23":0,"24":0,"25":0,"26":0,"27":0,"28":0,"29":0,"30":0,"31":0,"32":0,"33":0,"34":0,"35":0,"36":0,"37":0,"38":0,"39":0,"40":0,"41":0,"42":0,"43":0,"44":0,"45":0,"46":0,"47":0,"48":0,"49":0,"50":0,"51":0,"52":0,"53":0,"54":0,"55":0,"56":0,"57":0,"58":0,"59":0,"60":0,"61":0,"62":0,"63":0,"64":0,"65":0,"66":0,"67":0,"68":0,"69":0,"70":0,"71":0,"72":0,"73":0,"74":0,"75":0,"76":0,"77":0,"78":0,"79":0,"80":0,"81":0,"82":0,"83":0,"84":0,"85":0,"86":0,"87":0,"88":0,"89":0,"90":0,"91":0},"f":{"0":0,"1":0,"2":0,"3":0,"4":0,"5":0,"6":0,"7":0,"8":0,"9":0,"10":0,"11":0,"12":0,"13":0,"14":0},"b":{"0":[0,0],"1":[0,0],"2":[0,0],"3":[0,0],"4":[0],"5":[0,0],"6":[0],"7":[0,0],"8":[0,0],"9":[0,0],"10":[0],"11":[0,0],"12":[0],"13":[0,0],"14":[0,0]}}
[...]
":165,"column":null}},"86":{"start":{"line":166,"column":4},"end":{"line":166,"column":null}},"87":{"start":{"line":168,"column":20},"end":{"line":168,"column":66}},"88":{"start":{"line":169,"column":30},"end":{"line":169,"column":54}},"89":{"start":{"line":170,"column":33},"end":{"line":170,"column":null}},"90":{"start":{"line":170,"column":68},"end":{"line":170,"column":110}},"91":{"start":{"line":171,"column":33},"end":{"line":171,"column":67}},"92":{"start":{"line":172,"column":40},"end":{"line":172,"column":null}},"93":{"start":{"line":173,"column":4},"end":{"line":173,"column":null}},"94":{"start":{"line":174,"column":4},"end":{"line":174,"column":null}},"95":{"start":{"line":177,"column":2},"end":{"line":177,"column":null}},"96":{"start":{"line":178,"column":2},"end":{"line":185,"column":null}},"97":{"start":{"line":189,"column":26},"end":{"line":189,"column":null}},"98":{"start":{"line":190,"column":17},"end":{"line":190,"column":57}},"99":{"start":{"line":191,"column":2},"end":{"line":218,"column":null}},"100":{"start":{"line":192,"column":30},"end":{"line":192,"column":56}},"101":{"start":{"line":193,"column":26},"end":{"line":193,"column":null}},"102":{"start":{"line":193,"column":61},"end":{"line":193,"column":100}},"103":{"start":{"line":194,"column":33},"end":{"line":194,"column":54}},"104":{"start":{"line":195,"column":23},"end":{"line":195,"column":null}},"105":{"start":{"line":195,"column":57},"end":{"line":195,"column":80}},"106":{"start":{"line":196,"column":26},"end":{"line":196,"column":null}},"107":{"start":{"line":197,"column":4},"end":{"line":200,"column":null}},"108":{"start":{"line":198,"column":6},"end":{"line":198,"column":null}},"109":{"start":{"line":199,"column":6},"end":{"line":199,"column":null}},"110":{"start":{"line":201,"column":33},"end":{"line":201,"column":null}},"111":{"start":{"line":202,"column":4},"end":{"line":202,"column":null}},"112":{"start":{"line":203,"column":4},"end":{"line":203,"column":null}},"113":{"start":{"line":205,"column":20},"end":{"line":205,"column":63}},"114":{"start":{"line":206,"column":30},"end":{"line":206,"column":54}},"115":{"start":{"line":207,"column":33},"end":{"line":207,"column":null}},"116":{"start":{"line":207,"column":68},"end":{"line":207,"column":107}},"117":{"start":{"line":208,"column":33},"end":{"line":208,"column":61}},"118":{"start":{"line":209,"column":23},"end":{"line":209,"column":null}},"119":{"start":{"line":209,"column":57},"end":{"line":209,"column":80}},"120":{"start":{"line":210,"column":26},"end":{"line":210,"column":null}},"121":{"start":{"line":211,"column":4},"end":{"line":214,"column":null}},"122":{"start":{"line":212,"column":6},"end":{"line":212,"column":null}},"123":{"start":{"line":213,"column":6},"end":{"line":213,"column":null}},"124":{"start":{"line":215,"column":40},"end":{"line":215,"column":null}},"125":{"start":{"line":216,"column":4},"end":{"line":216,"column":null}},"126":{"start":{"line":217,"column":4},"end":{"line":217,"column":null}},"127":{"start":{"line":220,"column":2},"end":{"line":220,"column":null}},"128":{"start":{"line":221,"column":2},"end":{"line":228,"column":null}},"129":{"start":{"line":232,"column":26},"end":{"line":232,"column":null}},"130":{"start":{"line":233,"column":17},"end":{"line":233,"column":57}},"131":{"start":{"line":234,"column":2},"end":{"line":255,"column":null}},"132":{"start":{"line":235,"column":30},"end":{"line":235,"column":56}},"133":{"start":{"line":236,"column":26},"end":{"line":236,"column":null}},"134":{"start":{"line":236,"column":61},"end":{"line":236,"column":100}},"135":{"start":{"line":237,"column":33},"end":{"line":237,"column":54}},"136":{"start":{"line":238,"column":23},"end":{"line":238,"column":null}},"137":{"start":{"line":238,"column":57},"end":{"line":238,"column":80}},"138":{"start":{"line":239,"column":26},"end":{"line":239,"column":null}},"139":{"start":{"line":240,"column":4},"end":{"line":240,"column":null}},"140":{"start":{"line":241,"column":33},"end":{"line":241,"column":null}},"141":{"start":{"line":242,"column":4},"end":{"line":242,"column":null}},"142":{"start":{"line":243,"column":4},"end":{"line":243,"column":null}},"143":{"start":{"line":245,"column":20},"end":{"line":245,"column":63}},"144":{"start":{"line":246,"column":30},"end":{"line":246,"column":54}},"145":{"start":{"line":247,"column":33},"end":{"line":247,"column":null}},"146":{"start":{"line":247,"column":68},"end":{"line":247,"column":107}},"147":{"start":{"line":248,"column":33},"end":{"line":248,"column":61}},"148":{"start":{"line":249,"column":23},"end":{"line":249,"column":null}},"149":{"start":{"line":249,"column":57},"end":{"line":249,"column":80}},"150":{"start":{"line":250,"column":26},"end":{"line":250,"column":null}},"151":{"start":{"line":251,"column":4},"end":{"line":251,"column":null}},"152":{"start":{"line":252,"column":40},"end":{"line":252,"column":null}},"153":{"start":{"line":253,"column":4},"end":{"line":253,"column":null}},"154":{"start":{"line":254,"column":4},"end":{"line":254,"column":null}},"155":{"start":{"line":257,"column":2},"end":{"line":257,"column":null}},"156":{"start":{"line":258,"column":2},"end":{"line":265,"column":null}}},"fnMap":{"0":{"name":"populateUser","decl":{"start":{"line":1,"column":16},"end":{"line":1,"column":28}},"loc":{"start":{"line":1,"column":16},"end":{"line":6,"column":null}}},"1":{"name":"resetUser","decl":{"start":{"line":8,"column":16},"end":{"line":8,"column":25}},"loc":{"start":{"line":8,"column":16},"end":{"line":12,"column":null}}},"2":{"name":"addNewStudent","decl":{"start":{"line":14,"column":16},"end":{"line":14,"column":29}},"loc":{"start":{"line":14,"column":40},"end":{"line":28,"column":null}}},"3":{"name":"updateStudentData","decl":{"start":{"line":30,"column":16},"end":{"line":30,"column":33}},"loc":{"start":{"line":30,"column":44},"end":{"line":48,"column":null}}},"4":{"name":"removeStudent","decl":{"start":{"line":50,"column":16},"end":{"line":50,"column":29}},"loc":{"start":{"line":50,"column":42},"end":{"line":73,"column":null}}},"5":{"name":"(anonymous_17)","decl":{"start":{"line":54,"column":67},"end":{"line":54,"column":68}},"loc":{"start":{"line":54,"column":85},"end":{"line":54,"column":null}}},"6":{"name":"(anonymous_18)","decl":{"start":{"line":56,"column":62},"end":{"line":56,"column":68}},"loc":{"start":{"line":56,"column":68},"end":{"line":56,"column":null}}},"7":{"name":"createUserActivity","decl":{"start":{"line":75,"column":16},"end":{"line":75,"column":34}},"loc":{"start":{"line":75,"column":47},"end":{"line":98,"column":null}}},"8":{"name":"editUserActivity","decl":{"start":{"line":100,"column":16},"end":{"line":100,"column":32}},"loc":{"start":{"line":100,"column":43},"end":{"line":130,"column":null}}},"9":{"name":"(anonymous_21)","decl":{"start":{"line":106,"column":55},"end":{"line":106,"column":67}},"loc":{"start":{"line":106,"column":67},"end":{"line":106,"column":100}}},"10":{"name":"(anonymous_22)","decl":{"start":{"line":114,"column":47},"end":{"line":114,"column":59}},"loc":{"start":{"line":114,"column":59},"end":{"line":114,"column":92}}},"11":{"name":"removeUserActivity","decl":{"start":{"line":132,"column":16},"end":{"line":132,"column":34}},"loc":{"start":{"line":132,"column":57},"end":{"line":155,"column":null}}},"12":{"name":"(anonymous_24)","decl":{"start":{"line":138,"column":57},"end":{"line":138,"column":69}},"loc":{"start":{"line":138,"column":69},"end":{"line":138,"column":null}}},"13":{"name":"(anonymous_25)","decl":{"start":{"line":142,"column":49},"end":{"line":142,"column":61}},"loc":{"start":{"line":142,"column":61},"end":{"line":142,"column":null}}},"14":{"name":"createUserCard","decl":{"start":{"line":157,"column":16},"end":{"line":157,"column":30}},"loc":{"start":{"line":157,"column":39},"end":{"line":186,"column":null}}},"15":{"name":"(anonymous_27)","decl":{"start":{"line":162,"column":49},"end":{"line":162,"column":61}},"loc":{"start":{"line":162,"column":61},"end":{"line":162,"column":103}}},"16":{"name":"(anonymous_28)","decl":{"start":{"line":170,"column":56},"end":{"line":170,"column":68}},"loc":{"start":{"line":170,"column":68},"end":{"line":170,"column":110}}},"17":{"name":"editUserCard","decl":{"start":{"line":188,"column":16},"end":{"line":188,"column":28}},"loc":{"start":{"line":188,"column":37},"end":{"line":229,"column":null}}},"18":{"name":"(anonymous_30)","decl":{"start":{"line":193,"column":49},"end":{"line":193,"column":61}},"loc":{"start":{"line":193,"column":61},"end":{"line":193,"column":100}}},"19":{"name":"(anonymous_31)","decl":{"start":{"line":195,"column":49},"end":{"line":195,"column":57}},"loc":{"start":{"line":195,"column":57},"end":{"line":195,"column":80}}},"20":{"name":"(anonymous_32)","decl":{"start":{"line":207,"column":56},"end":{"line":207,"column":68}},"loc":{"start":{"line":207,"column":68},"end":{"line":207,"column":107}}},"21":{"name":"(anonymous_33)","decl":{"start":{"line":209,"column":49},"end":{"line":209,"column":57}},"loc":{"start":{"line":209,"column":57},"end":{"line":209,"column":80}}},"22":{"name":"removeUserCard","decl":{"start":{"line":231,"column":16},"end":{"line":231,"column":30}},"loc":{"start":{"line":231,"column":39},"end":{"line":266,"column":null}}},"23":{"name":"(anonymous_35)","decl":{"start":{"line":236,"column":49},"end":{"line":236,"column":61}},"loc":{"start":{"line":236,"column":61},"end":{"line":236,"column":100}}},"24":{"name":"(anonymous_36)","decl":{"start":{"line":238,"column":49},"end":{"line":238,"column":57}},"loc":{"start":{"line":238,"column":57},"end":{"line":238,"column":80}}},"25":{"name":"(anonymous_37)","decl":{"start":{"line":247,"column":56},"end":{"line":247,"column":68}},"loc":{"start":{"line":247,"column":68},"end":{"line":247,"column":107}}},"26":{"name":"(anonymous_38)","decl":{"start":{"line":249,"column":49},"end":{"line":249,"column":57}},"loc":{"start":{"line":249,"column":57},"end":{"line":249,"column":80}}}},"branchMap":{"0":{"loc":{"start":{"line":4,"column":13},"end":{"line":4,"column":null}},"type":"binary-expr","locations":[{"start":{"line":4,"column":13},"end":{"line":4,"column":64}},{"start":{"line":4,"column":64},"end":{"line":4,"column":null}}]},"1":{"loc":{"start":{"line":16,"column":28},"end":{"line":16,"column":null}},"type":"cond-expr","locations":[{"start":{"line":16,"column":57},"end":{"line":16,"column":109}},{"start":{"line":16,"column":109},"end":{"line":16,"column":null}}]},"2":{"loc":{"start":{"line":36,"column":26},"end":{"line":36,"column":null}},"type":"cond-expr","locations":[{"start":{"line":36,"column":44},"end":{"line":36,"column":96}},{"start":{"line":36,"column":96},"end":{"line":36,"column":null}}]},"3":{"loc":{"start":{"line":53,"column":2},"end":{"line":55,"column":null}},"type":"if","locations":[{"start":{"line":53,"column":2},"end":{"line":55,"column":null}}]},"4":{"loc":{"start":{"line":78,"column":2},"end":{"line":87,"column":null}},"type":"if","locations":[{"start":{"line":78,"column":2},"end":{"line":87,"column":null}},{"start":{"line":82,"column":9},"end":{"line":87,"column":null}}]},"5":{"loc":{"start":{"line":79,"column":30},"end":{"line":79,"column":62}},"type":"binary-expr","locations":[{"start":{"line":79,"column":30},"end":{"line":79,"column":56}},{"start":{"line":79,"column":60},"end":{"line":79,"column":62}}]},"6":{"loc":{"start":{"line":84,"column":30},"end":{"line":84,"column":54}},"type":"binary-expr","locations":[{"start":{"line":84,"column":30},"end":{"line":84,"column":48}},{"start":{"line":84,"column":52},"end":{"line":84,"column":54}}]},"7":{"loc":{"start":{"line":105,"column":2},"end":{"line":119,"column":null}},"type":"if","locations":[{"start":{"line":105,"column":2},"end":{"line":119,"column":null}},{"start":{"line":112,"column":9},"end":{"line":119,"column":null}}]},"8":{"loc":{"start":{"line":137,"column":2},"end":{"line":144,"column":null}},"type":"if","locations":[{"start":{"line":137,"column":2},"end":{"line":144,"column":null}},{"start":{"line":140,"column":9},"end":{"line":144,"column":null}}]},"9":{"loc":{"start":{"line":160,"column":2},"end":{"line":175,"column":null}},"type":"if","locations":[{"start":{"line":160,"column":2},"end":{"line":175,"column":null}},{"start":{"line":167,"column":9},"end":{"line":175,"column":null}}]},"10":{"loc":{"start":{"line":163,"column":33},"end":{"line":163,"column":60}},"type":"binary-expr","locations":[{"start":{"line":163,"column":33},"end":{"line":163,"column":54}},{"start":{"line":163,"column":58},"end":{"line":163,"column":60}}]},"11":{"loc":{"start":{"line":169,"column":30},"end":{"line":169,"column":54}},"type":"binary-expr","locations":[{"start":{"line":169,"column":30},"end":{"line":169,"column":48}},{"start":{"line":169,"column":52},"end":{"line":169,"column":54}}]},"12":{"loc":{"start":{"line":171,"column":33},"end":{"line":171,"column":67}},"type":"binary-expr","locations":[{"start":{"line":171,"column":33},"end":{"line":171,"column":61}},{"start":{"line":171,"column":65},"end":{"line":171,"column":67}}]},"13":{"loc":{"start":{"line":191,"column":2},"end":{"line":218,"column":null}},"type":"if","locations":[{"start":{"line":191,"column":2},"end":{"line":218,"column":null}},{"start":{"line":204,"column":9},"end":{"line":218,"column":null}}]},"14":{"loc":{"start":{"line":206,"column":30},"end":{"line":206,"column":54}},"type":"binary-expr","locations":[{"start":{"line":206,"column":30},"end":{"line":206,"column":48}},{"start":{"line":206,"column":52},"end":{"line":206,"column":54}}]},"15":{"loc":{"start":{"line":234,"column":2},"end":{"line":255,"column":null}},"type":"if","locations":[{"start":{"line":234,"column":2},"end":{"line":255,"column":null}},{"start":{"line":244,"column":9},"end":{"line":255,"column":null}}]},"16":{"loc":{"start":{"line":246,"column":30},"end":{"line":246,"column":54}},"type":"binary-expr","locations":[{"start":{"line":246,"column":30},"end":{"line":246,"column":48}},{"start":{"line":246,"column":52},"end":{"line":246,"column":54}}]}},"s":{"0":0,"1":0,"2":0,"3":0,"4":0,"5":0,"6":0,"7":0,"8":0,"9":0,"10":0,"11":0,"12":0,"13":0,"14":0,"15":0,"16":0,"17":0,"18":0,"19":0,"20":0,"21":0,"22":0,"23":0,"24":0,"25":0,"26":0,"27":0,"28":0,"29":0,"30":0,"31":0,"32":0,"33":0,"34":0,"35":0,"36":0,"37":0,"38":0,"39":0,"40":0,"41":0,"42":0,"43":0,"44":0,"45":0,"46":0,"47":0,"48":0,"49":0,"50":0,"51":0,"52":0,"53":0,"54":0,"55":0,"56":0,"57":0,"58":0,"59":0,"60":0,"61":0,"62":0,"63":0,"64":0,"65":0,"66":0,"67":0,"68":0,"69":0,"70":0,"71":0,"72":0,"73":0,"74":0,"75":0,"76":0,"77":0,"78":0,"79":0,"80":0,"81":0,"82":0,"83":0,"84":0,"85":0,"86":0,"87":0,"88":0,"89":0,"90":0,"91":0,"92":0,"93":0,"94":0,"95":0,"96":0,"97":0,"98":0,"99":0,"100":0,"101":0,"102":0,"103":0,"104":0,"105":0,"106":0,"107":0,"108":0,"109":0,"110":0,"111":0,"112":0,"113":0,"114":0,"115":0,"116":0,"117":0,"118":0,"119":0,"120":0,"121":0,"122":0,"123":0,"124":0,"125":0,"126":0,"127":0,"128":0,"129":0,"130":0,"131":0,"132":0,"133":0,"134":0,"135":0,"136":0,"137":0,"138":0,"139":0,"140":0,"141":0,"142":0,"143":0,"144":0,"145":0,"146":0,"147":0,"148":0,"149":0,"150":0,"151":0,"152":0,"153":0,"154":0,"155":0,"156":0},"f":{"0":0,"1":0,"2":0,"3":0,"4":0,"5":0,"6":0,"7":0,"8":0,"9":0,"10":0,"11":0,"12":0,"13":0,"14":0,"15":0,"16":0,"17":0,"18":0,"19":0,"20":0,"21":0,"22":0,"23":0,"24":0,"25":0,"26":0},"b":{"0":[0,0],"1":[0,0],"2":[0,0],"3":[0],"4":[0,0],"5":[0,0],"6":[0,0],"7":[0,0],"8":[0,0],"9":[0,0],"10":[0,0],"11":[0,0],"12":[0,0],"13":[0,0],"14":[0,0],"15":[0,0],"16":[0,0]}}
,"C:\\Users\\kelly\\Documents\\Development\\Portfolio\\education-suite\\eduplanner\\src\\store\\reducers\\authReducer.ts": {"path":"C:\\Users\\kelly\\Documents\\Development\\Portfolio\\education-suite\\eduplanner\\src\\store\\reducers\\authReducer.ts","statementMap":{"0":{"start":{"line":3,"column":24},"end":{"line":3,"column":29}},"1":{"start":{"line":1,"column":22},"end":{"line":1,"column":null}},"2":{"start":{"line":4,"column":2},"end":{"line":13,"column":null}},"3":{"start":{"line":6,"column":6},"end":{"line":6,"column":null}},"4":{"start":{"line":9,"column":6},"end":{"line":9,"column":null}},"5":{"start":{"line":12,"column":6},"end":{"line":12,"column":null}}},"fnMap":{"0":{"name":"auth","decl":{"start":{"line":3,"column":24},"end":{"line":3,"column":29}},"loc":{"start":{"line":3,"column":58},"end":{"line":14,"column":null}}}},"branchMap":{"0":{"loc":{"start":{"line":3,"column":29},"end":{"line":3,"column":50}},"type":"default-arg","locations":[{"start":{"line":3,"column":37},"end":{"line":3,"column":50}}]},"1":{"loc":{"start":{"line":4,"column":2},"end":{"line":13,"column":null}},"type":"switch","locations":[{"start":{"line":5,"column":4},"end":{"line":6,"column":null}},{"start":{"line":8,"column":4},"end":{"line":9,"column":null}},{"start":{"line":11,"column":4},"end":{"line":12,"column":null}}]}},"s":{"0":1,"1":1,"2":4,"3":1,"4":0,"5":3},"f":{"0":4},"b":{"0":[3],"1":[1,0,3]}}
,"C:\\Users\\kelly\\Documents\\Development\\Portfolio\\education-suite\\eduplanner\\src\\store\\reducers\\userReducer.ts": {"path":"C:\\Users\\kelly\\Documents\\Development\\Portfolio\\education-suite\\eduplanner\\src\\store\\reducers\\userReducer.ts","statementMap":{"0":{"start":{"line":3,"column":24},"end":{"line":3,"column":29}},"1":{"start":{"line":1,"column":22},"end":{"line":1,"column":null}},"2":{"start":{"line":4,"column":2},"end":{"line":29,"column":null}},"3":{"start":{"line":6,"column":6},"end":{"line":6,"column":null}},"4":{"start":{"line":9,"column":6},"end":{"line":9,"column":null}},"5":{"start":{"line":12,"column":26},"end":{"line":12,"column":null}},"6":{"start":{"line":13,"column":6},"end":{"line":17,"column":null}},"7":{"start":{"line":14,"column":20},"end":{"line":14,"column":null}},"8":{"start":{"line":15,"column":22},"end":{"line":15,"column":null}},"9":{"start":{"line":16,"column":8},"end":{"line":16,"column":null}},"10":{"start":{"line":18,"column":6},"end":{"line":18,"column":null}},"11":{"start":{"line":21,"column":6},"end":{"line":21,"column":null}},"12":{"start":{"line":24,"column":6},"end":{"line":24,"column":null}},"13":{"start":{"line":25,"column":6},"end":{"line":25,"column":null}},"14":{"start":{"line":28,"column":6},"end":{"line":28,"column":null}}},"fnMap":{"0":{"name":"user","decl":{"start":{"line":3,"column":24},"end":{"line":3,"column":29}},"loc":{"start":{"line":3,"column":144},"end":{"line":30,"column":null}}},"1":{"name":"(anonymous_2)","decl":{"start":{"line":13,"column":31},"end":{"line":13,"column":32}},"loc":{"start":{"line":13,"column":32},"end":{"line":17,"column":null}}}},"branchMap":{"0":{"loc":{"start":{"line":3,"column":29},"end":{"line":3,"column":53}},"type":"default-arg","locations":[{"start":{"line":3,"column":40},"end":{"line":3,"column":53}}]},"1":{"loc":{"start":{"line":4,"column":2},"end":{"line":29,"column":null}},"type":"switch","locations":[{"start":{"line":5,"column":4},"end":{"line":6,"column":null}},{"start":{"line":8,"column":4},"end":{"line":9,"column":null}},{"start":{"line":11,"column":4},"end":{"line":18,"column":null}},{"start":{"line":20,"column":4},"end":{"line":21,"column":null}},{"start":{"line":23,"column":4},"end":{"line":25,"column":null}},{"start":{"line":27,"column":4},"end":{"line":28,"column":null}}]}},"s":{"0":1,"1":1,"2":4,"3":0,"4":0,"5":0,"6":0,"7":0,"8":0,"9":0,"10":0,"11":0,"12":0,"13":0,"14":4},"f":{"0":4,"1":0},"b":{"0":[3],"1":[0,0,0,0,0,4]}}
,"C:\\Users\\kelly\\Documents\\Development\\Portfolio\\education-suite\\eduplanner\\src\\utils\\formatDate.ts": {"path":"C:\\Users\\kelly\\Documents\\Development\\Portfolio\\education-suite\\eduplanner\\src\\utils\\formatDate.ts","statementMap":{"0":{"start":{"line":3,"column":16},"end":{"line":3,"column":30}},"1":{"start":{"line":4,"column":2},"end":{"line":4,"column":null}}},"fnMap":{"0":{"name":"formatISODate","decl":{"start":{"line":3,"column":16},"end":{"line":3,"column":30}},"loc":{"start":{"line":3,"column":45},"end":{"line":5,"column":null}}}},"branchMap":{},"s":{"0":7,"1":7},"f":{"0":7},"b":{}}
}
